
 SelfProgrammer PC Tool Started

 Reading commandline parameters

 Reading flag information

 Reading Geni value from settings file
 Value for Geni is 1.



 Reading Wireless value from settings file
 Value for Wireless is 0.



 Reading Download value from settings file
 Value for Download is 38400.



 Reading Port value from settings file
 Value for Port is 8.



 Reading File value from settings file
 Value for File is C:\GBP_Testing\bbGBP-IEC-62443-4-2_binaries-prerelease-V43.34.01.00026\Releases\SaVerAdvPlus_SB_binaries\VP_SET_1\11122244V02.01.00.00001_R_K_TSIP_BL_02_01_00_00001_EXT_UpdPkg.bin.



 Reading FEBEBoardNumber value from settings file
 Value for FEBEBoardNumber is 48.


Setting the board number 48
Before the ReadFirmare version Call

 Reading LOG value from settings file
 Value for LOG is LOG_ENABLED.


Before the ReadFirmare version Call
No Responce from Slave
[EXIT CODE] 0
