
 SelfProgrammer PC Tool Started

 Reading commandline parameters

 Reading flag information

 Reading Geni value from settings file
 Value for Geni is 1.



 Reading Wireless value from settings file
 Value for Wireless is 0.



 Reading Download value from settings file
 Value for Download is 38400.



 Reading Port value from settings file
 Value for Port is 8.



 Reading File value from settings file
 Value for File is C:\GBP_Testing\bbGBP-IEC-62443-4-2_binaries-prerelease-V43.34.01.00026\Releases\SaVerAdvPlus_SB_binaries\VP_SET_1\11122244V02.01.00.00001_R_K_TSIP_BL_02_01_00_00001_EXT_UpdPkg.bin.



 Reading FEBEBoardNumber value from settings file
 Value for FEBEBoardNumber is 48.


Setting the board number 48
Before the ReadFirmare version Call

 Reading LOG value from settings file
 Value for LOG is LOG_ENABLED.



 Reading Port value from settings file
 Value for Port is 8.



 Reading Download value from settings file
 Value for Download is 38400.



 Reading FEBEBoardNumber value from settings file
 Value for FEBEBoardNumber is 48.


Setting the board number 48
Before the ReadFirmare version Call

Flag Information 

No of Boards	: 2
Main Board No	: 48
Flash_Avail	: 1
Version0-X	: 1
Version0-Y	: 1
Version0-Z	: 0
BuildNumber0-X	: 00001
Version1-X	: 2
Version1-Y	: 1
Version1-Z	: 0
BuildNumber1-X	: 00001
FwUpdate_req	: 0
FwUpdate_cmp	: 0
FwUpdate_frez	: 1
FwUpdate_rollbk	: 255
FwUpdate_actbin	: 1
FwUpdate_appcnt	: 0
SubImgVersion-X	: 255
SubImgVersion-Y	: 255
SubImgVersion-Z	: 255
SubECU BuildNumber0-X	: 65535
SubECU Image BoardNo	: 255
Auxillary Image version	: 0x00FFFFFF
Aux Image BuildNumber	: 65535
SelfProg Error Code	: 0x000000AF (FWU_SUCCESS)
SubECU Image Status	: 255

Received Setup Info
[EXIT CODE] 0
