
 SelfProgrammer PC Tool Started

 Reading commandline parameters

 Com port setting function called
 Setting value 8 for Port
Com port has set[STEP EXIT CODE] 0

 SelfProgrammer PC Tool Started

 Reading commandline parameters

 Setting value 38400 for Download

 Download baudrate has set [STEP EXIT CODE] 0

 SelfProgrammer PC Tool Started

 Reading commandline parameters

 Setting the board number
 Setting value 48 for FEBEBoardNumber
Board Number 48 is set for Programming[STEP EXIT CODE] 0

 SelfProgrammer PC Tool Started

 Reading commandline parameters

 Download parameter readChecking for the file availablitiy
Full Path : C:\GBP_Testing\bbGBP-IEC-62443-4-2_binaries-prerelease-V43.34.01.00026\Releases\SaVerAdvPlus_SB_binaries\VP_SET_1\11122244V02.01.00.00001_R_K_TSIP_BL_02_01_00_00001_EXT_UpdPkg.bin
Given binary file is valid. It is used for this download

 Setting value C:\GBP_Testing\bbGBP-IEC-62443-4-2_binaries-prerelease-V43.34.01.00026\Releases\SaVerAdvPlus_SB_binaries\VP_SET_1\11122244V02.01.00.00001_R_K_TSIP_BL_02_01_00_00001_EXT_UpdPkg.bin for File


 Reading Port value from settings file
 Value for Port is 8.



 Reading File value from settings file
 Value for File is C:\GBP_Testing\bbGBP-IEC-62443-4-2_binaries-prerelease-V43.34.01.00026\Releases\SaVerAdvPlus_SB_binaries\VP_SET_1\11122244V02.01.00.00001_R_K_TSIP_BL_02_01_00_00001_EXT_UpdPkg.bin.



 Reading Port value from settings file
 Value for Port is 8.



 Reading Geni value from settings file
 Value for Geni is 1.



 Reading Wireless value from settings file
 Value for Wireless is 0.



 Reading LOG value from settings file
 Value for LOG is LOG_ENABLED.



 Reading Download value from settings file
 Value for Download is 38400.


 Device Connected

 Reading Download value from settings file
 Value for Download is 38400.

Comparing the version

 Reading File value from settings file
 Value for File is C:\GBP_Testing\bbGBP-IEC-62443-4-2_binaries-prerelease-V43.34.01.00026\Releases\SaVerAdvPlus_SB_binaries\VP_SET_1\11122244V02.01.00.00001_R_K_TSIP_BL_02_01_00_00001_EXT_UpdPkg.bin.



 Reading FEBEBoardNumber value from settings file
 Value for FEBEBoardNumber is 48.



 Reading LOG value from settings file
 Value for LOG is LOG_ENABLED.


Setting the board number 48
Before the ReadFirmare version Call

 Reading LOG value from settings file
 Value for LOG is LOG_ENABLED.


 Reading flag information from the device..Please wait...

 Reading Port value from settings file
 Value for Port is 8.



 Reading Download value from settings file
 Value for Download is 38400.



 Reading FEBEBoardNumber value from settings file
 Value for FEBEBoardNumber is 48.


Setting the board number 48
Before the ReadFirmare version Call

 Reading FEBEBoardNumber value from settings file
 Value for FEBEBoardNumber is 48.



 Reading LOG value from settings file
 Value for LOG is LOG_ENABLED.


 Read Max baudrate from Class 0 and id 1 to set auto baudrate
 Write Max baudrate Class 5 and id 39 to use auto baudrate
 Auto baudrate setting failed, So, again trying to set the User set baudrate
 Write Max baudrate Class 5 and id 39 to use auto baudrate
 VERSION  2
Before the ReadFirmare version Call
Packet 4 Sent
Packet 8 Sent
Packet 12 Sent
Packet 16 Sent
Packet 20 Sent
Packet 24 Sent
Packet 28 Sent
Packet 32 Sent
Packet 36 Sent
Packet 40 Sent
Packet 44 Sent
Packet 48 Sent
Packet 52 Sent
Packet 56 Sent
Packet 60 Sent
Packet 64 Sent
Packet 68 Sent
Packet 72 Sent
Packet 76 Sent
Packet 80 Sent
Packet 84 Sent
Packet 88 Sent
Packet 92 Sent
Packet 96 Sent
Packet 100 Sent
Packet 104 Sent
Packet 108 Sent
Packet 112 Sent
Packet 116 Sent
Packet 120 Sent
Packet 124 Sent
Packet 128 Sent
Packet 132 Sent
Packet 136 Sent
Packet 140 Sent
Packet 144 Sent
Packet 148 Sent
Packet 152 Sent
Packet 156 Sent
Packet 160 Sent
Packet 164 Sent
Packet 168 Sent
Packet 172 Sent
Packet 176 Sent
Packet 180 Sent
Packet 184 Sent
Packet 188 Sent
Packet 192 Sent
Packet 196 Sent
Packet 200 Sent
Packet 204 Sent
Packet 208 Sent
Packet 212 Sent
Packet 216 Sent
Packet 220 Sent
Packet 224 Sent
Packet 228 Sent
Packet 232 Sent
Packet 236 Sent
Packet 240 Sent
Packet 244 Sent
Packet 248 Sent
Packet 252 Sent
Packet 256 Sent
Packet 260 Sent
Packet 264 Sent
Packet 268 Sent
Packet 272 Sent
Packet 276 Sent
Packet 280 Sent
Packet 284 Sent
Packet 288 Sent
Packet 292 Sent
Packet 296 Sent
Packet 300 Sent
Packet 304 Sent
Packet 308 Sent
Packet 312 Sent
Packet 316 Sent
Packet 320 Sent
Packet 324 Sent
Packet 328 Sent
Packet 332 Sent
Packet 336 Sent
Packet 340 Sent
Packet 344 Sent
Packet 348 Sent
Packet 352 Sent
Packet 356 Sent
Packet 360 Sent
Packet 364 Sent
Packet 368 Sent
Packet 372 Sent
Packet 376 Sent
Packet 380 Sent
Packet 384 Sent
Packet 388 Sent
Packet 392 Sent
Packet 396 Sent
Packet 400 Sent
Packet 404 Sent
Packet 408 Sent
Packet 412 Sent
Packet 416 Sent
Packet 420 Sent
Packet 424 Sent
Packet 428 Sent
Packet 432 Sent
Packet 436 Sent
Packet 440 Sent
Packet 444 Sent
Packet 448 Sent
Packet 452 Sent
Packet 456 Sent
Packet 460 Sent
Packet 464 Sent
Packet 468 Sent
Packet 472 Sent
Packet 476 Sent
Packet 480 Sent
Packet 484 Sent
Packet 488 Sent
Packet 492 Sent
Packet 496 Sent
Packet 500 Sent
Packet 504 Sent
Packet 508 Sent
Packet 512 Sent
Packet 516 Sent
Packet 520 Sent
Packet 524 Sent
Packet 528 Sent
Packet 532 Sent
Packet 536 Sent
Packet 540 Sent
Packet 544 Sent
Packet 548 Sent
Packet 552 Sent
Packet 556 Sent
Packet 560 Sent
Packet 564 Sent
Packet 568 Sent
Packet 572 Sent
Packet 576 Sent
Packet 580 Sent
Packet 584 Sent
Packet 588 Sent
Packet 592 Sent
Packet 596 Sent
Packet 600 Sent
Packet 604 Sent
Packet 608 Sent
Packet 612 Sent
Packet 616 Sent
Packet 620 Sent
Packet 624 Sent
Packet 628 Sent
Packet 632 Sent
Packet 636 Sent
Packet 640 Sent
Packet 644 Sent
Packet 648 Sent
Packet 652 Sent
Packet 656 Sent
Packet 660 Sent
Packet 664 Sent
Packet 668 Sent
Packet 672 Sent
Packet 676 Sent
Packet 680 Sent
Packet 684 Sent
Packet 688 Sent
Packet 692 Sent
Packet 696 Sent
Packet 700 Sent
Packet 704 Sent
Packet 708 Sent
Packet 712 Sent
Packet 716 Sent
Packet 720 Sent
Packet 724 Sent
Packet 728 Sent
Packet 732 Sent
Packet 736 Sent
Packet 740 Sent
Packet 744 Sent
Packet 748 Sent
Packet 752 Sent
Packet 756 Sent
Packet 760 Sent
Packet 764 Sent
Packet 768 Sent
Packet 772 Sent
Packet 776 Sent
Packet 780 Sent
Packet 784 Sent
Packet 788 Sent
Packet 792 Sent
Packet 796 Sent
Packet 800 Sent
Packet 804 Sent
Packet 808 Sent
Packet 812 Sent
Packet 816 Sent
Packet 820 Sent
Packet 824 Sent
Packet 828 Sent
Packet 832 Sent
Packet 836 Sent
Packet 840 Sent
Packet 844 Sent
Packet 848 Sent
Packet 852 Sent
Packet 856 Sent
Packet 860 Sent
Packet 864 Sent
Packet 868 Sent
Packet 872 Sent
Packet 876 Sent
Packet 880 Sent
Packet 884 Sent
Packet 888 Sent
Packet 892 Sent
Packet 896 Sent
Packet 900 Sent
Packet 904 Sent
Packet 908 Sent
Packet 912 Sent
Packet 916 Sent
Packet 920 Sent
Packet 924 Sent
Packet 928 Sent
Packet 932 Sent
Packet 936 Sent
Packet 940 Sent
Packet 944 Sent
Packet 948 Sent
Packet 952 Sent
Packet 956 Sent
Packet 960 Sent
Packet 964 Sent
Packet 968 Sent
Packet 972 Sent
Packet 976 Sent
Packet 980 Sent
Packet 984 Sent
Packet 988 Sent
Packet 992 Sent
Packet 996 Sent
Packet 1000 Sent
Packet 1004 Sent
Packet 1008 Sent
Packet 1012 Sent
Packet 1016 Sent
Packet 1020 Sent
Packet 1024 Sent
Packet 1028 Sent
Packet 1032 Sent
Packet 1036 Sent
Packet 1040 Sent
Packet 1044 Sent
Packet 1048 Sent
Packet 1052 Sent
Packet 1056 Sent
Packet 1060 Sent
Packet 1064 Sent
Packet 1068 Sent
Packet 1072 Sent
Packet 1076 Sent
Packet 1080 Sent
Packet 1084 Sent
Packet 1088 Sent
Packet 1092 Sent
Packet 1096 Sent
Packet 1100 Sent
Packet 1104 Sent
Packet 1108 Sent
Packet 1112 Sent
Packet 1116 Sent
Packet 1120 Sent
Packet 1124 Sent
Packet 1128 Sent
Packet 1132 Sent
Packet 1136 Sent
Packet 1140 Sent
Packet 1144 Sent
Packet 1148 Sent
Packet 1152 Sent
Packet 1156 Sent
Packet 1160 Sent
Packet 1164 Sent
Packet 1168 Sent
Packet 1172 Sent
Packet 1176 Sent
Packet 1180 Sent
Packet 1184 Sent
Packet 1188 Sent
Packet 1192 Sent
Packet 1196 Sent
Packet 1200 Sent
Packet 1204 Sent
Packet 1208 Sent
Packet 1212 Sent
Packet 1216 Sent
Packet 1220 Sent
Packet 1224 Sent
Packet 1228 Sent
Packet 1232 Sent
Packet 1236 Sent
Packet 1240 Sent
Packet 1244 Sent
Packet 1248 Sent
Packet 1252 Sent
Packet 1256 Sent
Packet 1260 Sent
Packet 1264 Sent
Packet 1268 Sent
Packet 1272 Sent
Packet 1276 Sent
Packet 1280 Sent
Packet 1284 Sent
Packet 1288 Sent
Packet 1292 Sent
Packet 1296 Sent
Packet 1300 Sent
Packet 1304 Sent
Packet 1308 Sent
Packet 1312 Sent
Packet 1316 Sent
Packet 1320 Sent
Packet 1324 Sent
Packet 1328 Sent
Packet 1332 Sent
Packet 1336 Sent
Packet 1340 Sent
Packet 1344 Sent
Packet 1348 Sent
Packet 1352 Sent
Packet 1356 Sent
Packet 1360 Sent
Packet 1364 Sent
Packet 1368 Sent
Packet 1372 Sent
Packet 1376 Sent
Packet 1380 Sent
Packet 1384 Sent
Packet 1388 Sent
Packet 1392 Sent
Packet 1396 Sent
Packet 1400 Sent
Packet 1404 Sent
Packet 1408 Sent
Packet 1412 Sent
Packet 1416 Sent
Packet 1420 Sent
Packet 1424 Sent
Packet 1428 Sent
Packet 1432 Sent
Packet 1436 Sent
Packet 1440 Sent
Packet 1444 Sent
Packet 1448 Sent
Packet 1452 Sent
Packet 1456 Sent
Packet 1460 Sent
Packet 1464 Sent
Packet 1468 Sent
Packet 1472 Sent
Packet 1476 Sent
Packet 1480 Sent
Packet 1484 Sent
Packet 1488 Sent
Packet 1492 Sent
Packet 1496 Sent
Packet 1500 Sent
Packet 1504 Sent
Packet 1508 Sent
Packet 1512 Sent
Packet 1516 Sent
Packet 1520 Sent
Packet 1524 Sent
Packet 1528 Sent
Packet 1532 Sent
Packet 1536 Sent
Packet 1540 Sent
Packet 1544 Sent
Packet 1548 Sent
Packet 1552 Sent
Packet 1556 Sent
Packet 1560 Sent
Packet 1564 Sent
Packet 1568 Sent
Packet 1572 Sent
Packet 1576 Sent
Packet 1580 Sent
Packet 1584 Sent
Packet 1588 Sent
Packet 1592 Sent
Packet 1596 Sent
Packet 1600 Sent
Packet 1604 Sent
Packet 1608 Sent
Packet 1612 Sent
Packet 1616 Sent
Packet 1620 Sent
Packet 1624 Sent
Packet 1628 Sent
Packet 1632 Sent
Packet 1636 Sent
Packet 1640 Sent
Packet 1644 Sent
Packet 1648 Sent
Packet 1652 Sent
Packet 1656 Sent
Packet 1660 Sent
Packet 1664 Sent
Packet 1668 Sent
Packet 1672 Sent
Packet 1676 Sent
Packet 1680 Sent
Packet 1684 Sent
Packet 1688 Sent
Packet 1692 Sent
Packet 1696 Sent
Packet 1700 Sent
Packet 1704 Sent
Packet 1708 Sent
Packet 1712 Sent
Packet 1716 Sent
Packet 1720 Sent
Packet 1724 Sent
Packet 1728 Sent
Packet 1732 Sent
Packet 1736 Sent
Packet 1740 Sent
Packet 1744 Sent
Packet 1748 Sent
Packet 1752 Sent
Packet 1756 Sent
Packet 1760 Sent
Packet 1764 Sent
Packet 1768 Sent
Packet 1772 Sent
Packet 1776 Sent
Packet 1780 Sent
Packet 1784 Sent
Packet 1788 Sent
Packet 1792 Sent
Packet 1796 Sent
Packet 1800 Sent
Packet 1804 Sent
Packet 1808 Sent
Packet 1812 Sent
Packet 1816 Sent
Packet 1820 Sent
Packet 1824 Sent
Packet 1828 Sent
Packet 1832 Sent
Packet 1836 Sent
Packet 1840 Sent
Packet 1844 Sent
Packet 1848 Sent
Packet 1852 Sent
Packet 1856 Sent
Packet 1860 Sent
Packet 1864 Sent
Packet 1868 Sent
Packet 1872 Sent
Packet 1876 Sent
Packet 1880 Sent
Packet 1884 Sent
Packet 1888 Sent
Packet 1892 Sent
Packet 1896 Sent
Packet 1900 Sent
Packet 1904 Sent
Packet 1908 Sent
Packet 1912 Sent
Packet 1916 Sent
Packet 1920 Sent
Packet 1924 Sent
Packet 1928 Sent
Packet 1932 Sent
Packet 1936 Sent
Packet 1940 Sent
Packet 1944 Sent
Packet 1948 Sent
Packet 1952 Sent
Packet 1956 Sent
Packet 1960 Sent
Packet 1964 Sent
Packet 1968 Sent
Packet 1972 Sent
Packet 1976 Sent
Packet 1980 Sent
Packet 1984 Sent
Packet 1988 Sent
Packet 1992 Sent
Packet 1996 Sent
Packet 2000 Sent
Packet 2004 Sent
Packet 2008 Sent
Packet 2012 Sent
Packet 2016 Sent
Packet 2020 Sent
Packet 2024 Sent
Packet 2028 Sent
Packet 2032 Sent
Packet 2036 Sent
Packet 2040 Sent
Packet 2044 Sent
Packet 2048 Sent
Packet 2052 Sent
Packet 2056 Sent
Packet 2060 Sent
Packet 2064 Sent
Packet 2068 Sent
Packet 2072 Sent
Packet 2076 Sent
Packet 2080 Sent
Packet 2084 Sent
Packet 2088 Sent
Packet 2092 Sent
Packet 2096 Sent
Packet 2100 Sent
Packet 2104 Sent
Packet 2108 Sent
Packet 2112 Sent
Packet 2116 Sent
Packet 2120 Sent
Packet 2124 Sent
Packet 2128 Sent
Packet 2132 Sent
Packet 2136 Sent
Packet 2140 Sent
Packet 2144 Sent
Packet 2148 Sent
Packet 2152 Sent
Packet 2156 Sent
Packet 2160 Sent
Packet 2164 Sent
Packet 2168 Sent
Packet 2172 Sent
Packet 2176 Sent
Packet 2180 Sent
Packet 2184 Sent
Packet 2188 Sent
Packet 2192 Sent
Packet 2196 Sent
Packet 2200 Sent
Packet 2204 Sent
Packet 2208 Sent
Packet 2212 Sent
Packet 2216 Sent
Packet 2220 Sent
Packet 2224 Sent
Packet 2228 Sent
Packet 2232 Sent
Packet 2236 Sent
Packet 2240 Sent
Packet 2244 Sent
Packet 2248 Sent
Packet 2252 Sent
Packet 2256 Sent
Packet 2260 Sent
Packet 2264 Sent
Packet 2268 Sent
Packet 2272 Sent
Packet 2276 Sent
Packet 2280 Sent
Packet 2284 Sent
Packet 2288 Sent
Packet 2292 Sent
Packet 2296 Sent
Packet 2300 Sent
Packet 2304 Sent
Packet 2308 Sent
Packet 2312 Sent
Packet 2316 Sent
Packet 2320 Sent
Packet 2324 Sent
Packet 2328 Sent
Packet 2332 Sent
Packet 2336 Sent
Packet 2340 Sent
Packet 2344 Sent
Packet 2348 Sent
Packet 2352 Sent
Packet 2356 Sent
Packet 2360 Sent
Packet 2364 Sent
Packet 2368 Sent
Packet 2372 Sent
Packet 2376 Sent
Packet 2380 Sent
Packet 2384 Sent
Packet 2388 Sent
Packet 2392 Sent
Packet 2396 Sent
Packet 2400 Sent
Packet 2404 Sent
Packet 2408 Sent
Packet 2412 Sent
Packet 2416 Sent
Packet 2420 Sent
Packet 2424 Sent
Packet 2428 Sent
Packet 2432 Sent
Packet 2436 Sent
Packet 2440 Sent
Packet 2444 Sent
Packet 2448 Sent
Packet 2452 Sent
Packet 2456 Sent
Packet 2460 Sent
Packet 2464 Sent
Packet 2468 Sent
Packet 2472 Sent
Packet 2476 Sent
Packet 2480 Sent
Packet 2484 Sent
Packet 2488 Sent
Packet 2492 Sent
Packet 2496 Sent
Packet 2500 Sent
Packet 2504 Sent
Packet 2508 Sent
Packet 2512 Sent
Packet 2516 Sent
Packet 2520 Sent
Packet 2524 Sent
Packet 2528 Sent
Packet 2532 Sent
Packet 2536 Sent
Packet 2540 Sent
Packet 2544 Sent
Packet 2548 Sent
Packet 2552 Sent
Packet 2556 Sent
Packet 2560 Sent
Packet 2564 Sent
Packet 2568 Sent
Packet 2572 Sent
Packet 2576 Sent
Packet 2580 Sent
Packet 2584 Sent
Packet 2588 Sent
Packet 2592 Sent
Packet 2596 Sent
Packet 2600 Sent
Packet 2604 Sent
Packet 2608 Sent
Packet 2612 Sent
Packet 2616 Sent
Packet 2620 Sent
Packet 2624 Sent
Packet 2628 Sent
Packet 2632 Sent
Packet 2636 Sent
Packet 2640 Sent
Packet 2644 Sent
Packet 2648 Sent
Packet 2652 Sent
Packet 2656 Sent
Packet 2660 Sent
Packet 2664 Sent
Packet 2668 Sent
Packet 2672 Sent
Packet 2676 Sent
Packet 2680 Sent
Packet 2684 Sent
Packet 2688 Sent
Packet 2692 Sent
Packet 2696 Sent
Packet 2700 Sent
Packet 2704 Sent
Packet 2708 Sent
Packet 2712 Sent
Packet 2716 Sent
Packet 2720 Sent
Packet 2724 Sent
Packet 2728 Sent
Packet 2732 Sent
Packet 2736 Sent
Packet 2740 Sent
Packet 2744 Sent
Packet 2748 Sent
Packet 2752 Sent
Packet 2756 Sent
Packet 2760 Sent
Packet 2764 Sent
Packet 2768 Sent
Packet 2772 Sent
Packet 2776 Sent
Packet 2780 Sent
Packet 2784 Sent
Packet 2788 Sent
Packet 2792 Sent
Packet 2796 Sent
Packet 2800 Sent
Packet 2804 Sent
Packet 2808 Sent
Packet 2812 Sent
Packet 2816 Sent
Packet 2820 Sent
Packet 2824 Sent
Packet 2828 Sent
Packet 2832 Sent
Packet 2836 Sent
Packet 2840 Sent
Packet 2844 Sent
Packet 2848 Sent
Packet 2852 Sent
Packet 2856 Sent
Packet 2860 Sent
Packet 2864 Sent
Packet 2868 Sent
Packet 2872 Sent
Packet 2876 Sent
Packet 2880 Sent
Packet 2884 Sent
Packet 2888 Sent
Packet 2892 Sent
Packet 2896 Sent
Packet 2900 Sent
Packet 2904 Sent
Packet 2908 Sent
Packet 2912 Sent
Packet 2916 Sent
Packet 2920 Sent
Packet 2924 Sent
Packet 2928 Sent
Packet 2932 Sent
Packet 2936 Sent
Packet 2940 Sent
Packet 2944 Sent
Packet 2948 Sent
Packet 2952 Sent
Packet 2956 Sent
Packet 2960 Sent
Packet 2964 Sent
Packet 2968 Sent
Packet 2972 Sent
Packet 2976 Sent
Packet 2980 Sent
Packet 2984 Sent
Packet 2988 Sent
Packet 2992 Sent
Packet 2996 Sent
Packet 3000 Sent
Packet 3004 Sent
Packet 3008 Sent
Packet 3012 Sent
Packet 3016 Sent
Packet 3020 Sent
Packet 3024 Sent
Packet 3028 Sent
Packet 3032 Sent
Packet 3036 Sent
Packet 3040 Sent
Packet 3044 Sent
Packet 3048 Sent
Packet 3052 Sent
Packet 3056 Sent
Packet 3060 Sent
Packet 3064 Sent
Packet 3068 Sent
Packet 3072 Sent
Packet 3076 Sent
Packet 3080 Sent
Packet 3084 Sent
Packet 3088 Sent
Packet 3092 Sent
Packet 3096 Sent
Packet 3100 Sent
Packet 3104 Sent
Packet 3108 Sent
Packet 3112 Sent
Packet 3116 Sent
Packet 3120 Sent
Packet 3124 Sent
Packet 3128 Sent
Packet 3132 Sent
Packet 3136 Sent
Packet 3140 Sent
Packet 3144 Sent
Packet 3148 Sent
Packet 3152 Sent
Packet 3156 Sent
Packet 3160 Sent
Packet 3164 Sent
Packet 3168 Sent
Packet 3172 Sent
Packet 3176 Sent
Packet 3180 Sent
Packet 3184 Sent
Packet 3188 Sent
Packet 3192 Sent
Packet 3196 Sent
Packet 3200 Sent
Packet 3204 Sent
Packet 3208 Sent
Packet 3212 Sent
Packet 3216 Sent
Packet 3220 Sent
Packet 3224 Sent
Packet 3228 Sent
Packet 3232 Sent
Packet 3236 Sent
Packet 3240 Sent
Packet 3244 Sent
Packet 3248 Sent
Packet 3252 Sent
Packet 3256 Sent
Packet 3260 Sent
Packet 3264 Sent
Packet 3268 Sent
Packet 3272 Sent
Packet 3276 Sent
Packet 3280 Sent
Packet 3284 Sent
Packet 3288 Sent
Packet 3292 Sent
Packet 3296 Sent
Packet 3300 Sent
Packet 3304 Sent
Packet 3308 Sent
Packet 3312 Sent
Packet 3316 Sent
Packet 3320 Sent
Packet 3324 Sent
Packet 3328 Sent
Packet 3332 Sent
Packet 3336 Sent
Packet 3340 Sent
Packet 3344 Sent
Packet 3348 Sent
Packet 3352 Sent
Packet 3356 Sent
Packet 3360 Sent
Packet 3364 Sent
Packet 3368 Sent
Packet 3372 Sent
Packet 3376 Sent
Packet 3380 Sent
Packet 3384 Sent
Packet 3388 Sent
Packet 3392 Sent
Packet 3396 Sent
Packet 3400 Sent
Packet 3404 Sent
Packet 3408 Sent
Packet 3412 Sent
Packet 3416 Sent
Packet 3420 Sent
Packet 3424 Sent
Packet 3428 Sent
Packet 3432 Sent
Packet 3436 Sent
Packet 3440 Sent
Packet 3444 Sent
Packet 3448 Sent
Packet 3452 Sent
Packet 3456 Sent
Packet 3460 Sent
Packet 3464 Sent
Packet 3468 Sent
Packet 3472 Sent
Packet 3476 Sent
Packet 3480 Sent
Packet 3484 Sent
Packet 3488 Sent
Packet 3492 Sent
Packet 3496 Sent
Packet 3500 Sent
Packet 3504 Sent
Packet 3508 Sent
Packet 3512 Sent
Packet 3516 Sent
Packet 3520 Sent
Packet 3524 Sent
Packet 3528 Sent
Packet 3532 Sent
Packet 3536 Sent
Packet 3540 Sent
Packet 3544 Sent
Packet 3548 Sent
Packet 3552 Sent
Packet 3556 Sent
Packet 3560 Sent
Packet 3564 Sent
Packet 3568 Sent
Packet 3572 Sent
Packet 3576 Sent
Packet 3580 Sent
Packet 3584 Sent
Packet 3588 Sent
Packet 3592 Sent
Packet 3596 Sent
Packet 3600 Sent
Packet 3604 Sent
Packet 3608 Sent
Packet 3612 Sent
Packet 3616 Sent
Packet 3620 Sent
Packet 3624 Sent
Packet 3628 Sent
Packet 3632 Sent
Packet 3636 Sent
Packet 3640 Sent
Packet 3644 Sent
Packet 3648 Sent
Packet 3652 Sent
Packet 3656 Sent
Packet 3660 Sent
Packet 3664 Sent
Packet 3668 Sent
Packet 3672 Sent
Packet 3676 Sent
Packet 3680 Sent
Packet 3684 Sent
Packet 3688 Sent
Packet 3692 Sent
Packet 3696 Sent
Packet 3700 Sent
Packet 3704 Sent
Packet 3708 Sent
Packet 3712 Sent
Packet 3716 Sent
Packet 3720 Sent
Packet 3724 Sent
Packet 3728 Sent
Packet 3732 Sent
Packet 3736 Sent
Packet 3740 Sent
Packet 3744 Sent
Packet 3748 Sent
Packet 3752 Sent
Packet 3756 Sent
Packet 3760 Sent
Packet 3764 Sent
Packet 3768 Sent
Packet 3772 Sent
Packet 3776 Sent
Packet 3780 Sent
Packet 3784 Sent
Packet 3788 Sent
Packet 3792 Sent
Packet 3796 Sent
Packet 3800 Sent
Packet 3804 Sent
Packet 3808 Sent
Packet 3812 Sent
Packet 3816 Sent
Packet 3820 Sent
Packet 3824 Sent
Packet 3828 Sent
Packet 3832 Sent
Packet 3836 Sent
Packet 3840 Sent
Packet 3844 Sent
Packet 3848 Sent
Packet 3852 Sent
Packet 3856 Sent
Packet 3860 Sent
Packet 3864 Sent
Packet 3868 Sent
Packet 3872 Sent
Packet 3876 Sent
Packet 3880 Sent
Packet 3884 Sent
Packet 3888 Sent
Packet 3892 Sent
Packet 3896 Sent
Packet 3900 Sent
Packet 3904 Sent
Packet 3908 Sent
Packet 3912 Sent
Packet 3916 Sent
Packet 3920 Sent
Packet 3924 Sent
Packet 3928 Sent
Packet 3932 Sent
Packet 3936 Sent
Packet 3940 Sent
Packet 3944 Sent
Packet 3948 Sent
Packet 3952 Sent
Packet 3956 Sent
Packet 3960 Sent
Packet 3964 Sent
Packet 3968 Sent
Packet 3972 Sent
Packet 3976 Sent
Packet 3980 Sent
Packet 3984 Sent
Packet 3988 Sent
Packet 3992 Sent
Packet 3996 Sent
Packet 4000 Sent
Packet 4004 Sent
Packet 4008 Sent
Packet 4012 Sent
Packet 4016 Sent
Packet 4020 Sent
Packet 4024 Sent
Packet 4028 Sent
Packet 4032 Sent
Packet 4036 Sent
Packet 4040 Sent
Packet 4044 Sent
Packet 4048 Sent
Packet 4052 Sent
Packet 4056 Sent
Packet 4060 Sent
Packet 4064 Sent
Packet 4068 Sent
Packet 4072 Sent
Packet 4076 Sent
Packet 4080 Sent
Packet 4084 Sent
Packet 4088 Sent
Packet 4092 Sent
Packet 4096 Sent
Packet 4100 Sent
Packet 4104 Sent
Packet 4108 Sent
Packet 4112 Sent
Packet 4116 Sent
Packet 4120 Sent
Packet 4124 Sent
Packet 4128 Sent
Packet 4132 Sent
Packet 4136 Sent
Packet 4140 Sent
Packet 4144 Sent
Packet 4148 Sent
Packet 4152 Sent
Packet 4156 Sent
Packet 4160 Sent
Packet 4164 Sent
Packet 4168 Sent
Packet 4172 Sent
Packet 4176 Sent
Packet 4180 Sent
Packet 4184 Sent
Packet 4188 Sent
Packet 4192 Sent
Packet 4196 Sent
Packet 4200 Sent
Packet 4204 Sent
Packet 4208 Sent
Packet 4212 Sent
Packet 4216 Sent
Packet 4220 Sent
Packet 4224 Sent
Packet 4228 Sent
Packet 4232 Sent
Packet 4236 Sent
Packet 4240 Sent
Packet 4244 Sent
Packet 4248 Sent
Packet 4252 Sent
Packet 4256 Sent
Packet 4260 Sent
Packet 4264 Sent
Packet 4268 Sent
Packet 4272 Sent
Packet 4276 Sent
Packet 4280 Sent
Packet 4284 Sent
Packet 4288 Sent
Packet 4292 Sent
Packet 4296 Sent
Packet 4300 Sent
Packet 4304 Sent
Packet 4308 Sent
Packet 4312 Sent
Packet 4316 Sent
Packet 4320 Sent
Packet 4324 Sent
Packet 4328 Sent
Packet 4332 Sent
Packet 4336 Sent
Packet 4340 Sent
Packet 4344 Sent
Packet 4348 Sent
Packet 4352 Sent
Packet 4356 Sent
Packet 4360 Sent
Packet 4364 Sent
Packet 4368 Sent
Packet 4372 Sent
Packet 4376 Sent
Packet 4380 Sent
Packet 4384 Sent
Packet 4388 Sent
Packet 4392 Sent
Packet 4396 Sent
Packet 4400 Sent
Packet 4404 Sent
Packet 4408 Sent
Packet 4412 Sent
Packet 4416 Sent
Packet 4420 Sent
Packet 4424 Sent
Packet 4428 Sent
Packet 4432 Sent
Packet 4436 Sent
Packet 4440 Sent
Packet 4444 Sent
Packet 4448 Sent
Packet 4452 Sent
Packet 4456 Sent
Packet 4460 Sent
Packet 4464 Sent
Packet 4468 Sent
Packet 4472 Sent
Packet 4476 Sent
Packet 4480 Sent
Packet 4484 Sent
Packet 4488 Sent
Packet 4492 Sent
Packet 4496 Sent
Packet 4500 Sent
Packet 4504 Sent
Packet 4508 Sent
Packet 4512 Sent
Packet 4516 Sent
Packet 4520 Sent
Packet 4524 Sent
Packet 4528 Sent
Packet 4532 Sent
Packet 4536 Sent
Packet 4540 Sent
Packet 4544 Sent
Packet 4548 Sent
Packet 4552 Sent
Packet 4556 Sent
Packet 4560 Sent
Packet 4564 Sent
Packet 4568 Sent
Packet 4572 Sent
Packet 4576 Sent
Packet 4580 Sent
Packet 4584 Sent
Packet 4588 Sent
Packet 4592 Sent
Packet 4596 Sent
Packet 4600 Sent
Packet 4604 Sent
Packet 4608 Sent
Packet 4612 Sent
Packet 4616 Sent
Packet 4620 Sent
Packet 4624 Sent
Packet 4628 Sent
Packet 4632 Sent
Packet 4636 Sent
Packet 4640 Sent
Packet 4644 Sent
Packet 4648 Sent
Packet 4652 Sent
Packet 4656 Sent
Packet 4660 Sent
Packet 4664 Sent
Packet 4668 Sent
Packet 4672 Sent
Packet 4676 Sent
Packet 4680 Sent
Packet 4684 Sent
Packet 4688 Sent
Packet 4692 Sent
Packet 4696 Sent
Packet 4700 Sent
Packet 4704 Sent
Packet 4708 Sent
Packet 4712 Sent
Packet 4716 Sent
Packet 4720 Sent
Packet 4724 Sent
Packet 4728 Sent
Packet 4732 Sent
Packet 4736 Sent
Packet 4740 Sent
Packet 4744 Sent
Packet 4748 Sent
Packet 4752 Sent
Packet 4756 Sent
Packet 4760 Sent
Packet 4764 Sent
Packet 4768 Sent
Packet 4772 Sent
Packet 4776 Sent
Packet 4780 Sent
Packet 4784 Sent
Packet 4788 Sent
Packet 4792 Sent
Packet 4796 Sent
Packet 4800 Sent
Packet 4804 Sent
Packet 4808 Sent
Packet 4812 Sent
Packet 4816 Sent
Packet 4820 Sent
Packet 4824 Sent
Packet 4828 Sent
Packet 4832 Sent
Packet 4836 Sent
Packet 4840 Sent
Packet 4844 Sent
Packet 4848 Sent
Packet 4852 Sent
Packet 4856 Sent
Packet 4860 Sent
Packet 4864 Sent
Packet 4868 Sent
Packet 4872 Sent
Packet 4876 Sent
Packet 4880 Sent
Packet 4884 Sent
Packet 4888 Sent
Packet 4892 Sent
Packet 4896 Sent
Packet 4900 Sent
Packet 4904 Sent
Packet 4908 Sent
Packet 4912 Sent
Packet 4916 Sent
Packet 4920 Sent
Packet 4924 Sent
Packet 4928 Sent
Packet 4932 Sent
Packet 4936 Sent
Packet 4940 Sent
Packet 4944 Sent
Packet 4948 Sent
Packet 4952 Sent
Packet 4956 Sent
Packet 4960 Sent
Packet 4964 Sent
Packet 4968 Sent
Packet 4972 Sent
Packet 4976 Sent
Packet 4980 Sent
Packet 4984 Sent
Packet 4988 Sent
Packet 4992 Sent
Packet 4996 Sent
Packet 5000 Sent
Packet 5004 Sent
Packet 5008 Sent
Packet 5012 Sent
Packet 5016 Sent
Packet 5020 Sent
Packet 5024 Sent
Packet 5028 Sent
Packet 5032 Sent
Packet 5036 Sent
Packet 5040 Sent
Packet 5044 Sent
Packet 5048 Sent
Packet 5052 Sent
Packet 5056 Sent
Packet 5060 Sent
Packet 5064 Sent
Packet 5068 Sent
Packet 5072 Sent
Packet 5076 Sent
Packet 5080 Sent
Packet 5084 Sent
Packet 5088 Sent
Packet 5092 Sent
Packet 5096 Sent
Packet 5100 Sent
Packet 5104 Sent
Packet 5108 Sent
Packet 5112 Sent
Packet 5116 Sent
Packet 5120 Sent
Packet 5124 Sent
Packet 5128 Sent
Packet 5132 Sent
Packet 5136 Sent
Packet 5140 Sent
Packet 5144 Sent
Packet 5148 Sent
Packet 5152 Sent
Packet 5156 Sent
Packet 5160 Sent
Packet 5164 Sent
Packet 5168 Sent
Packet 5172 Sent
Packet 5176 Sent
Packet 5180 Sent
Packet 5184 Sent
Packet 5188 Sent
Packet 5192 Sent
Packet 5196 Sent
Packet 5200 Sent
Packet 5204 Sent
Packet 5208 Sent
Packet 5212 Sent
Packet 5216 Sent
Packet 5220 Sent
Packet 5224 Sent
Packet 5228 Sent
Packet 5232 Sent
Packet 5236 Sent
Packet 5240 Sent
Packet 5244 Sent
Packet 5248 Sent
Packet 5252 Sent
Packet 5256 Sent
Packet 5260 Sent
Packet 5264 Sent
Packet 5268 Sent
Packet 5272 Sent
Packet 5276 Sent
Packet 5280 Sent
Packet 5284 Sent
Packet 5288 Sent
Packet 5292 Sent
Packet 5296 Sent
Packet 5300 Sent
Packet 5304 Sent
Packet 5308 Sent
Packet 5312 Sent
Packet 5316 Sent
Packet 5320 Sent
Packet 5324 Sent
Packet 5328 Sent
Packet 5332 Sent
Packet 5336 Sent
Packet 5340 Sent
Packet 5344 Sent
Packet 5348 Sent
Packet 5352 Sent
Packet 5356 Sent
Packet 5360 Sent
Packet 5364 Sent
Packet 5368 Sent
Packet 5372 Sent
Packet 5376 Sent
Packet 5380 Sent
Packet 5384 Sent
Packet 5388 Sent
Packet 5392 Sent
Packet 5396 Sent
Packet 5400 Sent
Packet 5404 Sent
Packet 5408 Sent
Packet 5412 Sent
Packet 5416 Sent
Packet 5420 Sent
Packet 5424 Sent
Packet 5428 Sent
Packet 5432 Sent
Packet 5436 Sent
Packet 5440 Sent
Packet 5444 Sent
Packet 5448 Sent
Packet 5452 Sent
Packet 5456 Sent
Packet 5460 Sent
Packet 5464 Sent
Packet 5468 Sent
Packet 5472 Sent
Packet 5476 Sent
Packet 5480 Sent
Packet 5484 Sent
Packet 5488 Sent
Packet 5492 Sent
Packet 5496 Sent
Packet 5500 Sent
Packet 5504 Sent
Packet 5508 Sent
Packet 5512 Sent
Packet 5516 Sent
Packet 5520 Sent
Packet 5524 Sent
Packet 5528 Sent
Packet 5532 Sent
Packet 5536 Sent
Packet 5540 Sent
Packet 5544 Sent
Packet 5548 Sent
Packet 5552 Sent
Packet 5556 Sent
Packet 5560 Sent
Packet 5564 Sent
Packet 5568 Sent
Packet 5572 Sent
Packet 5576 Sent
Packet 5580 Sent
Packet 5584 Sent
Packet 5588 Sent
Packet 5592 Sent
Packet 5596 Sent
Packet 5600 Sent
Packet 5604 Sent
Packet 5608 Sent
Packet 5612 Sent
Packet 5616 Sent
Packet 5620 Sent
Packet 5624 Sent
Packet 5628 Sent
Packet 5632 Sent
Packet 5636 Sent
Packet 5640 Sent
Packet 5644 Sent
Packet 5648 Sent
Packet 5652 Sent
Packet 5656 Sent
Packet 5660 Sent
Packet 5664 Sent
Packet 5668 Sent
Packet 5672 Sent
Packet 5676 Sent
Packet 5680 Sent
Packet 5684 Sent
Packet 5688 Sent
Packet 5692 Sent
Packet 5696 Sent
Packet 5700 Sent
Packet 5704 Sent
Packet 5708 Sent
Packet 5712 Sent
Packet 5716 Sent
Packet 5720 Sent
Packet 5724 Sent
Packet 5728 Sent
Packet 5732 Sent
Packet 5736 Sent
Packet 5740 Sent
Packet 5744 Sent
Packet 5748 Sent
Packet 5752 Sent
Packet 5756 Sent
Packet 5760 Sent
Packet 5764 Sent
Packet 5768 Sent
Packet 5772 Sent
Packet 5776 Sent
Packet 5780 Sent
Packet 5784 Sent
Packet 5788 Sent
Packet 5792 Sent
Packet 5796 Sent
Packet 5800 Sent
Packet 5804 Sent
Packet 5808 Sent
Packet 5812 Sent
Packet 5816 Sent
Packet 5820 Sent
Packet 5824 Sent
Packet 5828 Sent
Packet 5832 Sent
Packet 5836 Sent
Packet 5840 Sent
Packet 5844 Sent
Packet 5848 Sent
Packet 5852 Sent
Packet 5856 Sent
Packet 5860 Sent
Packet 5864 Sent
Packet 5868 Sent
Packet 5872 Sent
Packet 5876 Sent
Packet 5880 Sent
Packet 5884 Sent
Packet 5888 Sent
Packet 5892 Sent
Packet 5896 Sent
Packet 5900 Sent
Packet 5904 Sent
Packet 5908 Sent
Packet 5912 Sent
Packet 5916 Sent
Packet 5920 Sent
Packet 5924 Sent
Packet 5928 Sent
Packet 5932 Sent
Packet 5936 Sent
Packet 5940 Sent
Packet 5944 Sent
Packet 5948 Sent
Packet 5952 Sent
Packet 5956 Sent
Packet 5960 Sent
Packet 5964 Sent
Packet 5968 Sent
Packet 5972 Sent
Packet 5976 Sent
Packet 5980 Sent
Packet 5984 Sent
Packet 5988 Sent
Packet 5992 Sent
Packet 5996 Sent
Packet 6000 Sent
Packet 6004 Sent
Packet 6008 Sent
Packet 6012 Sent
Packet 6016 Sent
Packet 6020 Sent
Packet 6024 Sent
Packet 6028 Sent
Packet 6032 Sent
Packet 6036 Sent
Packet 6040 Sent
Packet 6044 Sent
Packet 6048 Sent
Packet 6052 Sent
Packet 6056 Sent
Packet 6060 Sent
Packet 6064 Sent
Packet 6068 Sent
Packet 6072 Sent
Packet 6076 Sent
Packet 6080 Sent
Packet 6084 Sent
Packet 6088 Sent
Packet 6092 Sent
Packet 6096 Sent
Packet 6100 Sent
Packet 6104 Sent
Packet 6108 Sent
Packet 6112 Sent
Packet 6116 Sent
Packet 6120 Sent
Packet 6124 Sent
Packet 6128 Sent
Packet 6132 Sent
Packet 6136 Sent
Packet 6140 Sent
Packet 6144 Sent
Packet 6148 Sent
Packet 6152 Sent
Packet 6156 Sent
Packet 6160 Sent
Packet 6164 Sent
Packet 6168 Sent
Packet 6172 Sent
Packet 6176 Sent
Packet 6180 Sent
Packet 6184 Sent
Packet 6188 Sent
Packet 6192 Sent
Packet 6196 Sent
Packet 6200 Sent
Packet 6204 Sent
Packet 6208 Sent
Packet 6212 Sent
Packet 6216 Sent
Packet 6220 Sent
Packet 6224 Sent
Packet 6228 Sent
Packet 6232 Sent
Packet 6236 Sent
Packet 6240 Sent
Packet 6244 Sent
Packet 6248 Sent
Packet 6252 Sent
Packet 6256 Sent
Packet 6260 Sent
Packet 6264 Sent
Packet 6268 Sent
Packet 6272 Sent
Packet 6276 Sent
Packet 6280 Sent
Packet 6284 Sent
Packet 6288 Sent
Packet 6292 Sent
Packet 6296 Sent
Packet 6300 Sent
Packet 6304 Sent
Packet 6308 Sent
Packet 6312 Sent
Packet 6316 Sent
Packet 6320 Sent
Packet 6324 Sent
Packet 6328 Sent
Packet 6332 Sent
Packet 6336 Sent
Packet 6340 Sent
Packet 6344 Sent
Packet 6348 Sent
Packet 6352 Sent
Packet 6356 Sent
Packet 6360 Sent
Packet 6364 Sent
Packet 6368 Sent
Packet 6372 Sent
Packet 6376 Sent
Packet 6380 Sent
Packet 6384 Sent
Packet 6388 Sent
Packet 6392 Sent
Packet 6396 Sent
Packet 6400 Sent
Packet 6404 Sent
Packet 6408 Sent
Packet 6412 Sent
Packet 6416 Sent
Packet 6420 Sent
Packet 6424 Sent
Packet 6428 Sent
Packet 6432 Sent
Packet 6436 Sent
Packet 6440 Sent
Packet 6444 Sent
Packet 6448 Sent
Packet 6452 Sent
Packet 6456 Sent
Packet 6460 Sent
Packet 6464 Sent
Packet 6468 Sent
Packet 6472 Sent
Packet 6476 Sent
Packet 6480 Sent
Packet 6484 Sent
Packet 6488 Sent
Packet 6492 Sent
Packet 6496 Sent
Packet 6500 Sent
Packet 6504 Sent
Packet 6508 Sent
Packet 6512 Sent
Packet 6516 Sent
Packet 6520 Sent
Packet 6524 Sent
Packet 6528 Sent
Packet 6532 Sent
Packet 6536 Sent
Packet 6540 Sent
Packet 6544 Sent
Packet 6548 Sent
Packet 6552 Sent
Packet 6556 Sent
Packet 6560 Sent
Packet 6564 Sent
Packet 6568 Sent
Packet 6572 Sent
Packet 6576 Sent
Packet 6580 Sent
Packet 6584 Sent
Packet 6588 Sent
Packet 6592 Sent
Packet 6596 Sent
Packet 6600 Sent
Packet 6604 Sent
Packet 6608 Sent
Packet 6612 Sent
Packet 6616 Sent
Packet 6620 Sent
Packet 6624 Sent
Packet 6628 Sent
Packet 6632 Sent
Packet 6636 Sent
Packet 6640 Sent
Packet 6644 Sent
Packet 6648 Sent
Packet 6652 Sent
Packet 6656 Sent
Packet 6660 Sent
Packet 6664 Sent
Packet 6668 Sent
Packet 6672 Sent
Packet 6676 Sent
Packet 6680 Sent
Packet 6684 Sent
Packet 6688 Sent
Packet 6692 Sent
Packet 6696 Sent
Packet 6700 Sent
Packet 6704 Sent
Packet 6708 Sent
Packet 6712 Sent
Packet 6716 Sent
Packet 6720 Sent
Packet 6724 Sent
Packet 6728 Sent
Packet 6732 Sent
Packet 6736 Sent
Packet 6740 Sent
Packet 6744 Sent
Packet 6748 Sent
Packet 6752 Sent
Packet 6756 Sent
Packet 6760 Sent
Packet 6764 Sent
Packet 6768 Sent
Packet 6772 Sent
Packet 6776 Sent
Packet 6780 Sent
Packet 6784 Sent
Packet 6788 Sent
Packet 6792 Sent
Packet 6796 Sent
Packet 6800 Sent
Packet 6804 Sent
Packet 6808 Sent
Packet 6812 Sent
Packet 6816 Sent
Packet 6820 Sent
Packet 6824 Sent
Packet 6828 Sent
Packet 6832 Sent
Packet 6836 Sent
Packet 6840 Sent
Packet 6844 Sent
Packet 6848 Sent
Packet 6852 Sent
Packet 6856 Sent
Packet 6860 Sent
Packet 6864 Sent
Packet 6868 Sent
Packet 6872 Sent
Packet 6876 Sent
Packet 6880 Sent
Packet 6884 Sent
Packet 6888 Sent
Packet 6892 Sent
Packet 6896 Sent
Packet 6900 Sent
Packet 6904 Sent
Packet 6908 Sent
Packet 6912 Sent
Packet 6916 Sent
Packet 6920 Sent
Packet 6924 Sent
Packet 6928 Sent
Packet 6932 Sent
Packet 6936 Sent
Packet 6940 Sent
Packet 6944 Sent
Packet 6948 Sent
Packet 6952 Sent
Packet 6956 Sent
Packet 6960 Sent
Packet 6964 Sent
Packet 6968 Sent
Packet 6972 Sent
Packet 6976 Sent
Packet 6980 Sent
Packet 6984 Sent
Packet 6988 Sent
Packet 6992 Sent
Packet 6996 Sent
Packet 7000 Sent
Packet 7004 Sent
Packet 7008 Sent
Packet 7012 Sent
Packet 7016 Sent
Packet 7020 Sent
Packet 7024 Sent
Packet 7028 Sent
Packet 7032 Sent
Packet 7036 Sent
Packet 7040 Sent
Packet 7044 Sent
Packet 7048 Sent
Packet 7052 Sent
Packet 7056 Sent
Packet 7060 Sent
Packet 7064 Sent
Packet 7068 Sent
Packet 7072 Sent
Packet 7076 Sent
Packet 7080 Sent
Packet 7084 Sent
Packet 7088 Sent
Packet 7092 Sent
Packet 7096 Sent
Packet 7100 Sent
Packet 7104 Sent
Packet 7108 Sent
Packet 7112 Sent
Packet 7116 Sent
Packet 7120 Sent
Packet 7124 Sent
Packet 7128 Sent
Packet 7132 Sent
Packet 7136 Sent
Packet 7140 Sent
Packet 7144 Sent
Packet 7148 Sent
Packet 7152 Sent
Packet 7156 Sent
Packet 7160 Sent
Packet 7164 Sent
Packet 7168 Sent
Packet 7172 Sent
Packet 7176 Sent
Packet 7180 Sent
Packet 7184 Sent
Packet 7188 Sent
Packet 7192 Sent
Packet 7196 Sent
Packet 7200 Sent
Packet 7204 Sent
Packet 7208 Sent
Packet 7212 Sent
Packet 7216 Sent
Packet 7220 Sent
Packet 7224 Sent
Packet 7228 Sent
Packet 7232 Sent
Packet 7236 Sent
Packet 7240 Sent
Packet 7244 Sent
Packet 7248 Sent
Packet 7252 Sent
Packet 7256 Sent
Packet 7260 Sent
Packet 7264 Sent
Packet 7268 Sent
Packet 7272 Sent
Packet 7276 Sent
Packet 7280 Sent
Packet 7284 Sent
Packet 7288 Sent
Packet 7292 Sent
Packet 7296 Sent
Packet 7300 Sent
Packet 7304 Sent
Packet 7308 Sent
Packet 7312 Sent
Packet 7316 Sent
Packet 7320 Sent
Packet 7324 Sent
Packet 7328 Sent
Packet 7332 Sent
Packet 7336 Sent
Packet 7340 Sent
Packet 7344 Sent
Packet 7348 Sent
Packet 7352 Sent
Packet 7356 Sent
Packet 7360 Sent
Packet 7364 Sent
Packet 7368 Sent
Packet 7372 Sent
Packet 7376 Sent
Packet 7380 Sent
Packet 7384 Sent
Packet 7388 Sent
Packet 7392 Sent
Packet 7396 Sent
Packet 7400 Sent
Packet 7404 Sent
Packet 7408 Sent
Packet 7412 Sent
Packet 7416 Sent
Packet 7420 Sent
Packet 7424 Sent
Packet 7428 Sent
Packet 7432 Sent
Packet 7436 Sent
Packet 7440 Sent
Packet 7444 Sent
Packet 7448 Sent
Packet 7452 Sent
Packet 7456 Sent
Packet 7460 Sent
Packet 7464 Sent
Packet 7468 Sent
Packet 7472 Sent
Packet 7476 Sent
Packet 7480 Sent
Packet 7484 Sent
Packet 7488 Sent
Packet 7492 Sent
Packet 7496 Sent
Packet 7500 Sent
Packet 7504 Sent
Packet 7508 Sent
Packet 7512 Sent
Packet 7516 Sent
Packet 7520 Sent
Packet 7524 Sent
Packet 7528 Sent
Packet 7532 Sent
Packet 7536 Sent
Packet 7540 Sent
Packet 7544 Sent
Packet 7548 Sent
Packet 7552 Sent
Packet 7556 Sent
Packet 7560 Sent
Packet 7564 Sent
Packet 7568 Sent
Packet 7572 Sent
Packet 7576 Sent
Packet 7580 Sent
Packet 7584 Sent
Packet 7588 Sent
Packet 7592 Sent
Packet 7596 Sent
Packet 7600 Sent
Packet 7604 Sent
Packet 7608 Sent
Packet 7612 Sent
Packet 7616 Sent
Packet 7620 Sent
Packet 7624 Sent
Packet 7628 Sent
Packet 7632 Sent
Packet 7636 Sent
Packet 7640 Sent
Packet 7644 Sent
Packet 7648 Sent
Packet 7652 Sent
Packet 7656 Sent
Packet 7660 Sent
Packet 7664 Sent
Packet 7668 Sent
Packet 7672 Sent
Packet 7676 Sent
Packet 7680 Sent
Packet 7684 Sent
Packet 7688 Sent
Packet 7692 Sent
Packet 7696 Sent
Packet 7700 Sent
Packet 7704 Sent
Packet 7708 Sent
Packet 7712 Sent
Packet 7716 Sent
Packet 7720 Sent
Packet 7724 Sent
Packet 7728 Sent
Packet 7732 Sent
Packet 7736 Sent
Packet 7740 Sent
Packet 7744 Sent
Packet 7748 Sent
Packet 7752 Sent
Packet 7756 Sent
Packet 7760 Sent
Packet 7764 Sent
Packet 7768 Sent
Packet 7772 Sent
Packet 7776 Sent
Packet 7780 Sent
Packet 7784 Sent
Packet 7788 Sent
Packet 7792 Sent
Packet 7796 Sent
Packet 7800 Sent
Packet 7804 Sent
Packet 7808 Sent
Packet 7812 Sent
Packet 7816 Sent
Packet 7820 Sent
Packet 7824 Sent
Packet 7828 Sent
Packet 7832 Sent
Packet 7836 Sent
Packet 7840 Sent
Packet 7844 Sent
Packet 7848 Sent
Packet 7852 Sent
Packet 7856 Sent
Packet 7860 Sent
Packet 7864 Sent
Packet 7868 Sent
Packet 7872 Sent
Packet 7876 Sent
Packet 7880 Sent
Packet 7884 Sent
Packet 7888 Sent
Packet 7892 Sent
Packet 7896 Sent
Packet 7900 Sent
Packet 7904 Sent
Packet 7908 Sent
Packet 7912 Sent
Packet 7916 Sent
Packet 7920 Sent
Packet 7924 Sent
Packet 7928 Sent
Packet 7932 Sent
Packet 7936 Sent
Packet 7940 Sent
Packet 7944 Sent
Packet 7948 Sent
Packet 7952 Sent
Packet 7956 Sent
Packet 7960 Sent
Packet 7964 Sent
Packet 7968 Sent
Packet 7972 Sent
Packet 7976 Sent
Packet 7980 Sent
Packet 7984 Sent
Packet 7988 Sent
Packet 7992 Sent
Packet 7996 Sent
Packet 8000 Sent
Packet 8004 Sent
Packet 8008 Sent
Packet 8012 Sent
Packet 8016 Sent
Packet 8020 Sent
Packet 8024 Sent
Packet 8028 Sent
Packet 8032 Sent
Packet 8036 Sent
Packet 8040 Sent
Packet 8044 Sent
Packet 8048 Sent
Packet 8052 Sent
Packet 8056 Sent
Packet 8060 Sent
Packet 8064 Sent
Packet 8068 Sent
Packet 8072 Sent
Packet 8076 Sent
Packet 8080 Sent
Packet 8084 Sent
Packet 8088 Sent
Packet 8092 Sent
Packet 8096 Sent
Packet 8100 Sent
Packet 8104 Sent
Packet 8108 Sent
Packet 8112 Sent
Packet 8116 Sent
Packet 8120 Sent
Packet 8124 Sent
Packet 8128 Sent
Packet 8132 Sent
Packet 8136 Sent
Packet 8140 Sent
Packet 8144 Sent
Packet 8148 Sent
Packet 8152 Sent
Packet 8156 Sent
Packet 8160 Sent
Packet 8164 Sent
Packet 8168 Sent
Packet 8172 Sent
Packet 8176 Sent
Packet 8180 Sent
Packet 8184 Sent
Packet 8188 Sent
Packet 8192 Sent
Packet 8196 Sent
Packet 8200 Sent
Packet 8204 Sent
Packet 8208 Sent
Packet 8212 Sent
Packet 8216 Sent
Packet 8220 Sent
Packet 8224 Sent
Packet 8228 Sent
Packet 8232 Sent
Packet 8236 Sent
Packet 8240 Sent
Packet 8244 Sent
Packet 8248 Sent
Packet 8252 Sent
Packet 8256 Sent
Packet 8260 Sent
Packet 8264 Sent
Packet 8268 Sent
Packet 8272 Sent
Packet 8276 Sent
Packet 8280 Sent
Packet 8284 Sent
Packet 8288 Sent
Packet 8292 Sent
Packet 8296 Sent
Packet 8300 Sent
Packet 8304 Sent
Packet 8308 Sent
Packet 8312 Sent
Packet 8316 Sent
Packet 8320 Sent
Packet 8324 Sent
Packet 8328 Sent
Packet 8332 Sent
Packet 8336 Sent
Packet 8340 Sent
Packet 8344 Sent
Packet 8348 Sent
Packet 8352 Sent
Packet 8356 Sent
Packet 8360 Sent
Packet 8364 Sent
Packet 8368 Sent
Packet 8372 Sent
Packet 8376 Sent
Packet 8380 Sent
Packet 8384 Sent
Packet 8388 Sent
Packet 8392 Sent
Packet 8396 Sent
Packet 8400 Sent
Packet 8404 Sent
Packet 8408 Sent
Packet 8412 Sent
Packet 8416 Sent
Packet 8420 Sent
Packet 8424 Sent
Packet 8428 Sent
Packet 8432 Sent
Packet 8436 Sent
Packet 8440 Sent
Packet 8444 Sent
Packet 8448 Sent
Packet 8452 Sent
Packet 8456 Sent
Packet 8460 Sent
Packet 8464 Sent
Packet 8468 Sent
Packet 8472 Sent
Packet 8476 Sent
Packet 8480 Sent
Packet 8484 Sent
Packet 8488 Sent
Packet 8492 Sent
Packet 8496 Sent
Packet 8500 Sent
Packet 8504 Sent
Packet 8508 Sent
Packet 8512 Sent
Packet 8516 Sent
Packet 8520 Sent
Packet 8524 Sent
Packet 8528 Sent
Packet 8532 Sent
Packet 8536 Sent
Packet 8540 Sent
Packet 8544 Sent
Packet 8548 Sent
Packet 8552 Sent
Packet 8556 Sent
Packet 8560 Sent
Packet 8564 Sent
Packet 8568 Sent
Packet 8572 Sent
Packet 8576 Sent
Packet 8580 Sent
Packet 8584 Sent
Packet 8588 Sent
Packet 8592 Sent
Packet 8596 Sent
Packet 8600 Sent
Packet 8604 Sent
Packet 8608 Sent
Packet 8612 Sent
Packet 8616 Sent
Packet 8620 Sent
Packet 8624 Sent
Packet 8628 Sent
Packet 8632 Sent
Packet 8636 Sent
Packet 8640 Sent
Packet 8644 Sent
Packet 8648 Sent
Packet 8652 Sent
Packet 8656 Sent
Packet 8660 Sent
Packet 8664 Sent
Packet 8668 Sent
Packet 8672 Sent
Packet 8676 Sent
Packet 8680 Sent
Packet 8684 Sent
Packet 8688 Sent
Packet 8692 Sent
Packet 8696 Sent
Packet 8700 Sent
Packet 8704 Sent
Packet 8708 Sent
Packet 8712 Sent
Packet 8716 Sent
Packet 8720 Sent
Packet 8724 Sent
Packet 8728 Sent
Packet 8732 Sent
Packet 8736 Sent
Packet 8740 Sent
Packet 8744 Sent
Packet 8748 Sent
Packet 8752 Sent
Packet 8756 Sent
Packet 8760 Sent
Packet 8764 Sent
Packet 8768 Sent
Packet 8772 Sent
Packet 8776 Sent
Packet 8780 Sent
Packet 8784 Sent
Packet 8788 Sent
Packet 8792 Sent
Packet 8796 Sent
Packet 8800 Sent
Packet 8804 Sent
Packet 8808 Sent
Packet 8812 Sent
Packet 8816 Sent
Packet 8820 Sent
Packet 8824 Sent
Packet 8828 Sent
Packet 8832 Sent
Packet 8836 Sent
Packet 8840 Sent
Packet 8844 Sent
Packet 8848 Sent
Packet 8852 Sent
Packet 8856 Sent
Packet 8860 Sent
Packet 8864 Sent
Packet 8868 Sent
Packet 8872 Sent
Packet 8876 Sent
Packet 8880 Sent
Packet 8884 Sent
Packet 8888 Sent
Packet 8892 Sent
Packet 8896 Sent
Packet 8900 Sent
Packet 8904 Sent
Packet 8908 Sent
Packet 8912 Sent
Packet 8916 Sent
Packet 8920 Sent
Packet 8924 Sent
Packet 8928 Sent
Packet 8932 Sent
Packet 8936 Sent
Packet 8940 Sent
Packet 8944 Sent
Packet 8948 Sent
Packet 8952 Sent
Packet 8956 Sent
Packet 8960 Sent
Packet 8964 Sent
Packet 8968 Sent
Packet 8972 Sent
Packet 8976 Sent
Packet 8980 Sent
Packet 8984 Sent
Packet 8988 Sent
Packet 8992 Sent
Packet 8996 Sent
Packet 9000 Sent
Packet 9004 Sent
Packet 9008 Sent
Packet 9012 Sent
Packet 9016 Sent
Packet 9020 Sent
Packet 9024 Sent
Packet 9028 Sent
Packet 9032 Sent
Packet 9036 Sent
Packet 9040 Sent
Packet 9044 Sent
Packet 9048 Sent
Packet 9052 Sent
Packet 9056 Sent
Packet 9060 Sent
Packet 9064 Sent
Packet 9068 Sent
Packet 9072 Sent
Packet 9076 Sent
Packet 9080 Sent
Packet 9084 Sent
Packet 9088 Sent
Packet 9092 Sent
Packet 9096 Sent
Packet 9100 Sent
Packet 9104 Sent
Packet 9108 Sent
Packet 9112 Sent
Packet 9116 Sent
Packet 9120 Sent
Packet 9124 Sent
Packet 9128 Sent
Packet 9132 Sent
Packet 9136 Sent
Packet 9140 Sent
Packet 9144 Sent
Packet 9148 Sent
Packet 9152 Sent
Packet 9156 Sent
Packet 9160 Sent
Packet 9164 Sent
Packet 9168 Sent
Packet 9172 Sent
Packet 9176 Sent
Packet 9180 Sent
Packet 9184 Sent
Packet 9188 Sent
Packet 9192 Sent
Packet 9196 Sent
Packet 9200 Sent
Packet 9204 Sent
Packet 9208 Sent
Packet 9212 Sent
Packet 9216 Sent
Packet 9220 Sent
Packet 9224 Sent
Packet 9228 Sent
Packet 9232 Sent
Packet 9236 Sent
Packet 9240 Sent
Packet 9244 Sent
Packet 9248 Sent
Packet 9252 Sent
Packet 9256 Sent
Packet 9260 Sent
Packet 9264 Sent
Packet 9268 Sent
Packet 9272 Sent
Packet 9276 Sent
Packet 9280 Sent
Packet 9284 Sent
Packet 9288 Sent
Packet 9292 Sent
Packet 9296 Sent
Packet 9300 Sent
Packet 9304 Sent
Packet 9308 Sent
Packet 9312 Sent
Packet 9316 Sent
Packet 9320 Sent
Packet 9324 Sent
Packet 9328 Sent
Packet 9332 Sent
Packet 9336 Sent
Packet 9340 Sent
Packet 9344 Sent
Packet 9348 Sent
Packet 9352 Sent
Packet 9356 Sent
Packet 9360 Sent
Packet 9364 Sent
Packet 9368 Sent
Packet 9372 Sent
Packet 9376 Sent
Packet 9380 Sent
Packet 9384 Sent
Packet 9388 Sent
Packet 9392 Sent
Packet 9396 Sent
Packet 9400 Sent
Packet 9404 Sent
Packet 9408 Sent
Packet 9412 Sent
Packet 9416 Sent
Packet 9420 Sent
Packet 9424 Sent
Packet 9428 Sent
Packet 9432 Sent
Packet 9436 Sent
Packet 9440 Sent
Packet 9444 Sent
Packet 9448 Sent
Packet 9452 Sent
Packet 9456 Sent
Packet 9460 Sent
Packet 9464 Sent
Packet 9468 Sent
Packet 9472 Sent
Packet 9476 Sent
Packet 9480 Sent
Packet 9484 Sent
Packet 9488 Sent
Packet 9492 Sent
Packet 9496 Sent
Packet 9500 Sent
Packet 9504 Sent
Packet 9508 Sent
Packet 9512 Sent
Packet 9516 Sent
Packet 9520 Sent
Packet 9524 Sent
Packet 9528 Sent
Packet 9532 Sent
Packet 9536 Sent
Packet 9540 Sent
Packet 9544 Sent
Packet 9548 Sent
Packet 9552 Sent
Packet 9556 Sent
Packet 9560 Sent
Packet 9564 Sent
Packet 9568 Sent
Packet 9572 Sent
Packet 9576 Sent
Packet 9580 Sent
Packet 9584 Sent
Packet 9588 Sent
Packet 9592 Sent
Packet 9596 Sent
Packet 9600 Sent
Packet 9604 Sent
Packet 9608 Sent
Packet 9612 Sent
Packet 9616 Sent
Packet 9620 Sent
Packet 9624 Sent
Packet 9628 Sent
Packet 9632 Sent
Packet 9636 Sent
Packet 9640 Sent
Packet 9644 Sent
Packet 9648 Sent
Packet 9652 Sent
Packet 9656 Sent
Packet 9660 Sent
Packet 9664 Sent
Packet 9668 Sent
Packet 9672 Sent
Packet 9676 Sent
Packet 9680 Sent
Packet 9684 Sent
Packet 9688 Sent
Packet 9692 Sent
Packet 9696 Sent
Packet 9700 Sent
Packet 9704 Sent
Packet 9708 Sent
Packet 9712 Sent
Packet 9716 Sent
Packet 9720 Sent
Packet 9724 Sent
Packet 9728 Sent
Packet 9732 Sent
Packet 9736 Sent
Packet 9740 Sent
Packet 9744 Sent
Packet 9748 Sent
Packet 9752 Sent
Packet 9756 Sent
Packet 9760 Sent
Packet 9764 Sent
Packet 9768 Sent
Packet 9772 Sent
Packet 9776 Sent
Packet 9780 Sent
Packet 9784 Sent
Packet 9788 Sent
Packet 9792 Sent
Packet 9796 Sent
Packet 9800 Sent
Packet 9804 Sent
Packet 9808 Sent
Packet 9812 Sent
Packet 9816 Sent
Packet 9820 Sent
Packet 9824 Sent
Packet 9828 Sent
Packet 9832 Sent
Packet 9836 Sent
Packet 9840 Sent
Packet 9844 Sent
Packet 9848 Sent
Packet 9852 Sent
Packet 9856 Sent
Packet 9860 Sent
Packet 9864 Sent
Packet 9868 Sent
Packet 9872 Sent
Packet 9876 Sent
Packet 9880 Sent
Packet 9884 Sent
Packet 9888 Sent
Packet 9892 Sent
Packet 9896 Sent
Packet 9900 Sent
Packet 9904 Sent
Packet 9908 Sent
Packet 9912 Sent
Packet 9916 Sent
Packet 9920 Sent
Packet 9924 Sent
Packet 9928 Sent
Packet 9932 Sent
Packet 9936 Sent
Packet 9940 Sent
Packet 9944 Sent
Packet 9948 Sent
Packet 9952 Sent
Packet 9956 Sent
Packet 9960 Sent
Packet 9964 Sent
Packet 9968 Sent
Packet 9972 Sent
Packet 9976 Sent
Packet 9980 Sent
Packet 9984 Sent
Packet 9988 Sent
Packet 9992 Sent
Packet 9996 Sent
Packet 10000 Sent
Packet 10004 Sent
Packet 10008 Sent
Packet 10012 Sent
Packet 10016 Sent
Packet 10020 Sent
Packet 10024 Sent
Packet 10028 Sent
Packet 10032 Sent
Packet 10036 Sent
Packet 10040 Sent
Packet 10044 Sent
Packet 10048 Sent
Packet 10052 Sent
Packet 10056 Sent
Packet 10060 Sent
Packet 10064 Sent
Packet 10068 Sent
Packet 10072 Sent
Packet 10076 Sent
Packet 10080 Sent
Packet 10084 Sent
Packet 10088 Sent
Packet 10092 Sent
Packet 10096 Sent
Packet 10100 Sent
Packet 10104 Sent
Packet 10108 Sent
Packet 10112 Sent
Packet 10116 Sent
Packet 10120 Sent
Packet 10124 Sent
Packet 10128 Sent
Packet 10132 Sent
Packet 10136 Sent
Packet 10140 Sent
Packet 10144 Sent
Packet 10148 Sent
Packet 10152 Sent
Packet 10156 Sent
Packet 10160 Sent
Packet 10164 Sent
Packet 10168 Sent
Packet 10172 Sent
Packet 10176 Sent
Packet 10180 Sent
Packet 10184 Sent
Packet 10188 Sent
Packet 10192 Sent
Packet 10196 Sent
Packet 10200 Sent
Packet 10204 Sent
Packet 10208 Sent
Packet 10212 Sent
Packet 10216 Sent
Packet 10220 Sent
Packet 10224 Sent
Packet 10228 Sent
Packet 10232 Sent
Packet 10236 Sent
Packet 10240 Sent
Packet 10244 Sent
Packet 10248 Sent
Packet 10252 Sent
Packet 10256 Sent
Packet 10260 Sent
Packet 10264 Sent
Packet 10268 Sent
Packet 10272 Sent
Packet 10276 Sent
Packet 10280 Sent
Packet 10284 Sent
Packet 10288 Sent
Packet 10292 Sent
Packet 10296 Sent
Packet 10300 Sent
Packet 10304 Sent
Packet 10308 Sent
Packet 10312 Sent
Packet 10316 Sent
Packet 10320 Sent
Packet 10324 Sent
Packet 10328 Sent
Packet 10332 Sent
Packet 10336 Sent
Packet 10340 Sent
Packet 10344 Sent
Packet 10348 Sent
Packet 10352 Sent
Packet 10356 Sent
Packet 10360 Sent
Packet 10364 Sent
Packet 10368 Sent
Packet 10372 Sent
Packet 10376 Sent
Packet 10380 Sent
Packet 10384 Sent
Packet 10388 Sent
Packet 10392 Sent
Packet 10396 Sent
Packet 10400 Sent
Packet 10404 Sent
Packet 10408 Sent
Packet 10412 Sent
Packet 10416 Sent
Packet 10420 Sent
Packet 10424 Sent
Packet 10428 Sent
Packet 10432 Sent
Packet 10436 Sent
Packet 10440 Sent
Packet 10444 Sent
Packet 10448 Sent
Packet 10452 Sent
Packet 10456 Sent
Packet 10460 Sent
Packet 10464 Sent
Packet 10468 Sent
Packet 10472 Sent
Packet 10476 Sent
Packet 10480 Sent
Packet 10484 Sent
Packet 10488 Sent
Packet 10492 Sent
Packet 10496 Sent
Packet 10500 Sent
Packet 10504 Sent
Packet 10508 Sent
Packet 10512 Sent
Packet 10516 Sent
Packet 10520 Sent
Packet 10524 Sent
Packet 10528 Sent
Packet 10532 Sent
Packet 10536 Sent
Packet 10540 Sent
Packet 10544 Sent
Packet 10548 Sent
Packet 10552 Sent
Packet 10556 Sent
Packet 10560 Sent
Packet 10564 Sent
Packet 10568 Sent
Packet 10572 Sent
Packet 10576 Sent
Packet 10580 Sent
Packet 10584 Sent
Packet 10588 Sent
Packet 10592 Sent
Packet 10596 Sent
Packet 10600 Sent
Packet 10604 Sent
Packet 10608 Sent
Packet 10612 Sent
Packet 10616 Sent
Packet 10620 Sent
Packet 10624 Sent
Packet 10628 Sent
Packet 10632 Sent
Packet 10636 Sent
Packet 10640 Sent
Packet 10644 Sent
Packet 10648 Sent
Packet 10652 Sent
Packet 10656 Sent
Packet 10660 Sent
Packet 10664 Sent
Packet 10668 Sent
Packet 10672 Sent
Packet 10676 Sent
Packet 10680 Sent
Packet 10684 Sent
Packet 10688 Sent
Packet 10692 Sent
Packet 10696 Sent
Packet 10700 Sent
Packet 10704 Sent
Packet 10708 Sent
Packet 10712 Sent
Packet 10716 Sent
Packet 10720 Sent
Packet 10724 Sent
Packet 10728 Sent
Packet 10732 Sent
Packet 10736 Sent
Packet 10740 Sent
Packet 10744 Sent
Packet 10748 Sent
Packet 10752 Sent
Packet 10756 Sent
Packet 10760 Sent
Packet 10764 Sent
Packet 10768 Sent
Packet 10772 Sent
Packet 10776 Sent
Packet 10780 Sent
Packet 10784 Sent
Packet 10788 Sent
Packet 10792 Sent
Packet 10796 Sent
Packet 10800 Sent
Packet 10804 Sent
Packet 10808 Sent
Packet 10812 Sent
Packet 10816 Sent
Packet 10820 Sent
Packet 10824 Sent
Packet 10828 Sent
Packet 10832 Sent
Packet 10836 Sent
Packet 10840 Sent
Packet 10844 Sent
Packet 10848 Sent
Packet 10852 Sent
Packet 10856 Sent
Packet 10860 Sent
Packet 10864 Sent
Packet 10868 Sent
Packet 10872 Sent
Packet 10876 Sent
Packet 10880 Sent
Packet 10884 Sent
Packet 10888 Sent
Packet 10892 Sent
Packet 10896 Sent
Packet 10900 Sent
Packet 10904 Sent
Packet 10908 Sent
Packet 10912 Sent
Packet 10916 Sent
Packet 10920 Sent
Packet 10924 Sent
Packet 10928 Sent
Packet 10932 Sent
Packet 10936 Sent
Packet 10940 Sent
Packet 10944 Sent
Packet 10948 Sent
Packet 10952 Sent
Packet 10956 Sent
Packet 10960 Sent
Packet 10964 Sent
Packet 10968 Sent
Packet 10972 Sent
Packet 10976 Sent
Packet 10980 Sent
Packet 10984 Sent
Packet 10988 Sent
Packet 10992 Sent
Packet 10996 Sent
Packet 11000 Sent
Packet 11004 Sent
Packet 11008 Sent
Packet 11012 Sent
Packet 11016 Sent
Packet 11020 Sent
Packet 11024 Sent
Packet 11028 Sent
Packet 11032 Sent
Packet 11036 Sent
Packet 11040 Sent
Packet 11044 Sent
Packet 11048 Sent
Packet 11052 Sent
Packet 11056 Sent
Packet 11060 Sent
Packet 11064 Sent
Packet 11068 Sent
Packet 11072 Sent
Packet 11076 Sent
Packet 11080 Sent
Packet 11084 Sent
Packet 11088 Sent
Packet 11092 Sent
Packet 11096 Sent
Packet 11100 Sent
Packet 11104 Sent
Packet 11108 Sent
Packet 11112 Sent
Packet 11116 Sent
Packet 11120 Sent
Packet 11124 Sent
Packet 11128 Sent
Packet 11132 Sent
Packet 11136 Sent
Packet 11140 Sent
Packet 11144 Sent
Packet 11148 Sent
Packet 11152 Sent
Packet 11156 Sent
Packet 11160 Sent
Packet 11164 Sent
Packet 11168 Sent
Packet 11172 Sent
Packet 11176 Sent
Packet 11180 Sent
Packet 11184 Sent
Packet 11188 Sent
Packet 11192 Sent
Packet 11196 Sent
Packet 11200 Sent
Packet 11204 Sent
Packet 11208 Sent
Packet 11212 Sent
Packet 11216 Sent
Packet 11220 Sent
Packet 11224 Sent
Packet 11228 Sent
Packet 11232 Sent
Packet 11236 Sent
Packet 11240 Sent
Packet 11244 Sent
Packet 11248 Sent
Packet 11252 Sent
Packet 11256 Sent
Packet 11260 Sent
Packet 11264 Sent
Packet 11268 Sent
Packet 11272 Sent
Packet 11276 Sent
Packet 11280 Sent
Packet 11284 Sent
Packet 11288 Sent
Packet 11292 Sent
Packet 11296 Sent
Packet 11300 Sent
Packet 11304 Sent
Packet 11308 Sent
Packet 11312 Sent
Packet 11316 Sent
Packet 11320 Sent
Packet 11324 Sent
Packet 11328 Sent
Packet 11332 Sent
Packet 11336 Sent
Packet 11340 Sent
Packet 11344 Sent
Packet 11348 Sent
Packet 11352 Sent
Packet 11356 Sent
Packet 11360 Sent
Packet 11364 Sent
Packet 11368 Sent
Packet 11372 Sent
Packet 11376 Sent
Packet 11380 Sent
Packet 11384 Sent
Packet 11388 Sent
Packet 11392 Sent
Packet 11396 Sent
Packet 11400 Sent
Packet 11404 Sent
Packet 11408 Sent
Packet 11412 Sent
Packet 11416 Sent
Packet 11420 Sent
Packet 11424 Sent
Packet 11428 Sent
Packet 11432 Sent
Packet 11436 Sent
Packet 11440 Sent
Packet 11444 Sent
Packet 11448 Sent
Packet 11452 Sent
Packet 11456 Sent
Packet 11460 Sent
Packet 11464 Sent
Packet 11468 Sent
Packet 11472 Sent
Packet 11476 Sent
Packet 11480 Sent
Packet 11484 Sent
Packet 11488 Sent
Packet 11492 Sent
Packet 11496 Sent
Packet 11500 Sent
Packet 11504 Sent
Packet 11508 Sent
Packet 11512 Sent
Packet 11516 Sent
Packet 11520 Sent
Packet 11524 Sent
Packet 11528 Sent
Packet 11532 Sent
Packet 11536 Sent
Packet 11540 Sent
Packet 11544 Sent
Packet 11548 Sent
Packet 11552 Sent
Packet 11556 Sent
Packet 11560 Sent
Packet 11564 Sent
Packet 11568 Sent
Packet 11572 Sent
Packet 11576 Sent
Packet 11580 Sent
Packet 11584 Sent
Packet 11588 Sent
Packet 11592 Sent
Packet 11596 Sent
Packet 11600 Sent
Packet 11604 Sent
Packet 11608 Sent
Packet 11612 Sent
Packet 11616 Sent
Packet 11620 Sent
Packet 11624 Sent
Packet 11628 Sent
Packet 11632 Sent
Packet 11636 Sent
Packet 11640 Sent
Packet 11644 Sent
Packet 11648 Sent
Packet 11652 Sent
Packet 11656 Sent
Packet 11660 Sent
Packet 11664 Sent
Packet 11668 Sent
Packet 11672 Sent
Packet 11676 Sent
Packet 11680 Sent
Packet 11684 Sent
Packet 11688 Sent
Packet 11692 Sent
Packet 11696 Sent
Packet 11700 Sent
Packet 11704 Sent
Packet 11708 Sent
Packet 11712 Sent
Packet 11716 Sent
Packet 11720 Sent
Packet 11724 Sent
Packet 11728 Sent
Packet 11732 Sent
Packet 11736 Sent
Packet 11740 Sent
Packet 11744 Sent
Packet 11748 Sent
Packet 11752 Sent
Packet 11756 Sent
Packet 11760 Sent
Packet 11764 Sent
Packet 11768 Sent
Packet 11772 Sent
Packet 11776 Sent
Packet 11780 Sent
Packet 11784 Sent
Packet 11788 Sent
Packet 11792 Sent
Packet 11796 Sent
Packet 11800 Sent
Packet 11804 Sent
Packet 11808 Sent
Packet 11812 Sent
Packet 11816 Sent
Packet 11820 Sent
Packet 11824 Sent
Packet 11828 Sent
Packet 11832 Sent
Packet 11836 Sent
Packet 11840 Sent
Packet 11844 Sent
Packet 11848 Sent
Packet 11852 Sent
Packet 11856 Sent
Packet 11860 Sent
Packet 11864 Sent
Packet 11868 Sent
Packet 11872 Sent
Packet 11876 Sent
Packet 11880 Sent
Packet 11884 Sent
Packet 11888 Sent
Packet 11892 Sent
Packet 11896 Sent
Packet 11900 Sent
Packet 11904 Sent
Packet 11908 Sent
Packet 11912 Sent
Packet 11916 Sent
Packet 11920 Sent
Packet 11924 Sent
Packet 11928 Sent
Packet 11932 Sent
Packet 11936 Sent
Packet 11940 Sent
Packet 11944 Sent
Packet 11948 Sent
Packet 11952 Sent
Packet 11956 Sent
Packet 11960 Sent
Packet 11964 Sent
Packet 11968 Sent
Packet 11972 Sent
Packet 11976 Sent
Packet 11980 Sent
Packet 11984 Sent
Packet 11988 Sent
Packet 11992 Sent
Packet 11996 Sent
Packet 12000 Sent
Packet 12004 Sent
Packet 12008 Sent
Packet 12012 Sent
Packet 12016 Sent
Packet 12020 Sent
Packet 12024 Sent
Packet 12028 Sent
Packet 12032 Sent
Packet 12036 Sent
Packet 12040 Sent
Packet 12044 Sent
Packet 12048 Sent
Packet 12052 Sent
Packet 12056 Sent
Packet 12060 Sent
Packet 12064 Sent
Packet 12068 Sent
Packet 12072 Sent
Packet 12076 Sent
Packet 12080 Sent
Packet 12084 Sent
Packet 12088 Sent
Packet 12092 Sent
Packet 12096 Sent
Packet 12100 Sent
Packet 12104 Sent
Packet 12108 Sent
Packet 12112 Sent
Packet 12116 Sent
Packet 12120 Sent
Packet 12124 Sent
Packet 12128 Sent
Packet 12132 Sent
Packet 12136 Sent
Packet 12140 Sent
Packet 12144 Sent
Packet 12148 Sent
Packet 12152 Sent
Packet 12156 Sent
Packet 12160 Sent
Packet 12164 Sent
Packet 12168 Sent
Packet 12172 Sent
Packet 12176 Sent
Packet 12180 Sent
Packet 12184 Sent
Packet 12188 Sent
Packet 12192 Sent
Packet 12196 Sent
Packet 12200 Sent
Packet 12204 Sent
Packet 12208 Sent
Packet 12212 Sent
Packet 12216 Sent
Packet 12220 Sent
Packet 12224 Sent
Packet 12228 Sent
Packet 12232 Sent
Packet 12236 Sent
Packet 12240 Sent
Packet 12244 Sent
Packet 12248 Sent
Packet 12252 Sent
Packet 12256 Sent
Packet 12260 Sent
Packet 12264 Sent
Packet 12268 Sent
Packet 12272 Sent
Packet 12276 Sent
Packet 12280 Sent
Packet 12284 Sent
Packet 12288 Sent
Packet 12292 Sent
Packet 12296 Sent
Packet 12300 Sent
Packet 12304 Sent
Packet 12308 Sent
Packet 12312 Sent
Packet 12316 Sent
Packet 12320 Sent
Packet 12324 Sent
Packet 12328 Sent
Packet 12332 Sent
Packet 12336 Sent
Packet 12340 Sent
Packet 12344 Sent
Packet 12348 Sent
Packet 12352 Sent
Packet 12356 Sent
Packet 12360 Sent
Packet 12364 Sent
Packet 12368 Sent
Packet 12372 Sent
Packet 12376 Sent
Packet 12380 Sent
Packet 12384 Sent
Packet 12388 Sent
Packet 12392 Sent
Packet 12396 Sent
Packet 12400 Sent
Packet 12404 Sent
Packet 12408 Sent
Packet 12412 Sent
Packet 12416 Sent
Packet 12420 Sent
Packet 12424 Sent
Packet 12428 Sent
Packet 12432 Sent
Packet 12436 Sent
Packet 12440 Sent
Packet 12444 Sent
Packet 12448 Sent
Packet 12452 Sent
Packet 12456 Sent
Packet 12460 Sent
Packet 12464 Sent
Packet 12468 Sent
Packet 12472 Sent
Packet 12476 Sent
Packet 12480 Sent
Packet 12484 Sent
Packet 12488 Sent
Packet 12492 Sent
Packet 12496 Sent
Packet 12500 Sent
Packet 12504 Sent
Packet 12508 Sent
Packet 12512 Sent
Packet 12516 Sent
Packet 12520 Sent
Packet 12524 Sent
Packet 12528 Sent
Packet 12532 Sent
Packet 12536 Sent
Packet 12540 Sent
Packet 12544 Sent
Packet 12548 Sent
Packet 12552 Sent
Packet 12556 Sent
Packet 12560 Sent
Packet 12564 Sent
Packet 12568 Sent
Packet 12572 Sent
Packet 12576 Sent
Packet 12580 Sent
Packet 12584 Sent
Packet 12588 Sent
Packet 12592 Sent
Packet 12596 Sent
Packet 12600 Sent
Packet 12604 Sent
Packet 12608 Sent
Packet 12612 Sent
Packet 12616 Sent
Packet 12620 Sent
Packet 12624 Sent
Packet 12628 Sent
Packet 12632 Sent
Packet 12636 Sent
Packet 12640 Sent
Packet 12644 Sent
Packet 12648 Sent
Packet 12652 Sent
Packet 12656 Sent
Packet 12660 Sent
Packet 12664 Sent
Packet 12668 Sent
Packet 12672 Sent
Packet 12676 Sent
Packet 12680 Sent
Packet 12684 Sent
Packet 12688 Sent
Packet 12692 Sent
Packet 12696 Sent
Packet 12700 Sent
Packet 12704 Sent
Packet 12708 Sent
Packet 12712 Sent
Packet 12716 Sent
Packet 12720 Sent
Packet 12724 Sent
Packet 12728 Sent
Packet 12732 Sent
Packet 12736 Sent
Packet 12740 Sent
Packet 12744 Sent
Packet 12748 Sent
Packet 12752 Sent
Packet 12756 Sent
Packet 12760 Sent
Packet 12764 Sent
Packet 12768 Sent
Packet 12772 Sent
Packet 12776 Sent
Packet 12780 Sent
Packet 12784 Sent
Packet 12788 Sent
Packet 12792 Sent
Packet 12796 Sent
Packet 12800 Sent
Packet 12804 Sent
Packet 12808 Sent
Packet 12812 Sent
Packet 12816 Sent
Packet 12820 Sent
Packet 12824 Sent
Packet 12828 Sent
Packet 12832 Sent
Packet 12836 Sent
Packet 12840 Sent
Packet 12844 Sent
Packet 12848 Sent
Packet 12852 Sent
Packet 12856 Sent
Packet 12860 Sent
Packet 12864 Sent
Packet 12868 Sent
Packet 12872 Sent
Packet 12876 Sent
Packet 12880 Sent
Packet 12884 Sent
Packet 12888 Sent
Packet 12892 Sent
Packet 12896 Sent
Packet 12900 Sent
Packet 12904 Sent
Packet 12908 Sent
Packet 12912 Sent
Packet 12916 Sent
Packet 12920 Sent
Packet 12924 Sent
Packet 12928 Sent
Packet 12932 Sent
Packet 12936 Sent
Packet 12940 Sent
Packet 12944 Sent
Packet 12948 Sent
Packet 12952 Sent
Packet 12956 Sent
Packet 12960 Sent
Packet 12964 Sent
Packet 12968 Sent
Packet 12972 Sent
Packet 12976 Sent
Packet 12980 Sent
Packet 12984 Sent
Packet 12988 Sent
Packet 12992 Sent
Packet 12996 Sent
Packet 13000 Sent
Packet 13004 Sent
Packet 13008 Sent
Packet 13012 Sent
Packet 13016 Sent
Packet 13020 Sent
Packet 13024 Sent
Packet 13028 Sent
Packet 13032 Sent
Packet 13036 Sent
Packet 13040 Sent
Packet 13044 Sent
Packet 13048 Sent
Packet 13052 Sent
Packet 13056 Sent
Packet 13060 Sent
Packet 13064 Sent
Packet 13068 Sent
Packet 13072 Sent
Packet 13076 Sent
Packet 13080 Sent
Packet 13084 Sent
Packet 13088 Sent
Packet 13092 Sent
Packet 13096 Sent
Packet 13100 Sent
Packet 13104 Sent
Packet 13108 Sent
Packet 13112 Sent
Packet 13116 Sent
Packet 13120 Sent
Packet 13124 Sent
Packet 13128 Sent
Packet 13132 Sent
Packet 13136 Sent
Packet 13140 Sent
Packet 13144 Sent
Packet 13148 Sent
Packet 13152 Sent
Packet 13156 Sent
Packet 13160 Sent
Packet 13164 Sent
Packet 13168 Sent
Packet 13172 Sent
Packet 13176 Sent
Packet 13180 Sent
Packet 13184 Sent
Packet 13188 Sent
Packet 13192 Sent
Packet 13196 Sent
Packet 13200 Sent
Packet 13204 Sent
Packet 13208 Sent
Packet 13212 Sent
Packet 13216 Sent
Packet 13220 Sent
Packet 13224 Sent
Packet 13228 Sent
Packet 13232 Sent
Packet 13236 Sent
Packet 13240 Sent
Packet 13244 Sent
Packet 13248 Sent
Packet 13252 Sent
Packet 13256 Sent
Packet 13260 Sent
Packet 13264 Sent
Packet 13268 Sent
Packet 13272 Sent
Packet 13276 Sent
Packet 13280 Sent
Packet 13284 Sent
Packet 13288 Sent
Packet 13292 Sent
Packet 13296 Sent
Packet 13300 Sent
Packet 13304 Sent
Packet 13308 Sent
Packet 13312 Sent
Packet 13316 Sent
Packet 13320 Sent
Packet 13324 Sent
Packet 13328 Sent
Packet 13332 Sent
Packet 13336 Sent
Packet 13340 Sent
Packet 13344 Sent
Packet 13348 Sent
Packet 13352 Sent
Packet 13356 Sent
Packet 13360 Sent
Packet 13364 Sent
Packet 13368 Sent
Packet 13372 Sent
Packet 13376 Sent
Packet 13380 Sent
Packet 13384 Sent
Packet 13388 Sent
Packet 13392 Sent
Packet 13396 Sent
Packet 13400 Sent
Packet 13404 Sent
Packet 13408 Sent
Packet 13412 Sent
Packet 13416 Sent
Packet 13420 Sent
Packet 13424 Sent
Packet 13428 Sent
Packet 13432 Sent
Packet 13436 Sent
Packet 13440 Sent
Packet 13444 Sent
Packet 13448 Sent
Packet 13452 Sent
Packet 13456 Sent
Packet 13460 Sent
Packet 13464 Sent
Packet 13468 Sent
Packet 13472 Sent
Packet 13476 Sent
Packet 13480 Sent
Packet 13484 Sent
Packet 13488 Sent
Packet 13492 Sent
Packet 13496 Sent
Packet 13500 Sent
Packet 13504 Sent
Packet 13508 Sent
Packet 13512 Sent
Packet 13516 Sent
Packet 13520 Sent
Packet 13524 Sent
Packet 13528 Sent
Packet 13532 Sent
Packet 13536 Sent
Packet 13540 Sent
Packet 13544 Sent
Packet 13548 Sent
Packet 13552 Sent
Packet 13556 Sent
Packet 13560 Sent
Packet 13564 Sent
Packet 13568 Sent
Packet 13572 Sent
Packet 13576 Sent
Packet 13580 Sent
Packet 13584 Sent
Packet 13588 Sent
Packet 13592 Sent
Packet 13596 Sent
Packet 13600 Sent
Packet 13604 Sent
Packet 13608 Sent
Packet 13612 Sent
Packet 13616 Sent
Packet 13620 Sent
Packet 13624 Sent
Packet 13628 Sent
Packet 13632 Sent
Packet 13636 Sent
Packet 13640 Sent
Packet 13644 Sent
Packet 13648 Sent
Packet 13652 Sent
Packet 13656 Sent
Packet 13660 Sent
Packet 13664 Sent
Packet 13668 Sent
Packet 13672 Sent
Packet 13676 Sent
Packet 13680 Sent
Packet 13684 Sent
Packet 13688 Sent
Packet 13692 Sent
Packet 13696 Sent
Packet 13700 Sent
Packet 13704 Sent
Packet 13708 Sent
Packet 13712 Sent
Packet 13716 Sent
Packet 13720 Sent
Packet 13724 Sent
Packet 13728 Sent
Packet 13732 Sent
Packet 13736 Sent
Packet 13740 Sent
Packet 13744 Sent
Packet 13748 Sent
Packet 13752 Sent
Packet 13756 Sent
Packet 13760 Sent
Packet 13764 Sent
Packet 13768 Sent
Packet 13772 Sent
Packet 13776 Sent
Packet 13780 Sent
Packet 13784 Sent
Packet 13788 Sent
Packet 13792 Sent
Packet 13796 Sent
Packet 13800 Sent
Packet 13804 Sent
Packet 13808 Sent
Packet 13812 Sent
Packet 13816 Sent
Packet 13820 Sent
Packet 13824 Sent
Packet 13828 Sent
Packet 13832 Sent
Packet 13836 Sent
Packet 13840 Sent
Packet 13844 Sent
Packet 13848 Sent
Packet 13852 Sent
Packet 13856 Sent
Packet 13860 Sent
Packet 13864 Sent
Packet 13868 Sent
Packet 13872 Sent
Packet 13876 Sent
Packet 13880 Sent
Packet 13884 Sent
Packet 13888 Sent
Packet 13892 Sent
Packet 13896 Sent
Packet 13900 Sent
Packet 13904 Sent
Packet 13908 Sent
Packet 13912 Sent
Packet 13916 Sent
Packet 13920 Sent
Packet 13924 Sent
Packet 13928 Sent
Packet 13932 Sent
Packet 13936 Sent
Packet 13940 Sent
Packet 13944 Sent
Packet 13948 Sent
Packet 13952 Sent
Packet 13956 Sent
Packet 13960 Sent
Packet 13964 Sent
Packet 13968 Sent
Packet 13972 Sent
Packet 13976 Sent
Packet 13980 Sent
Packet 13984 Sent
Packet 13988 Sent
Packet 13992 Sent
Packet 13996 Sent
Packet 14000 Sent
Packet 14004 Sent
Packet 14008 Sent
Packet 14012 Sent
Packet 14016 Sent
Packet 14020 Sent
Packet 14024 Sent
Packet 14028 Sent
Packet 14032 Sent
Packet 14036 Sent
Packet 14040 Sent
Packet 14044 Sent
Packet 14048 Sent
Packet 14052 Sent
Packet 14056 Sent
Packet 14060 Sent
Packet 14064 Sent
Packet 14068 Sent
Packet 14072 Sent
Packet 14076 Sent
Packet 14080 Sent
Packet 14084 Sent
Packet 14088 Sent
Packet 14092 Sent
Packet 14096 Sent
Packet 14100 Sent
Packet 14104 Sent
Packet 14108 Sent
Packet 14112 Sent
Packet 14116 Sent
Packet 14120 Sent
Packet 14124 Sent
Packet 14128 Sent
Packet 14132 Sent
Packet 14136 Sent
Packet 14140 Sent
Packet 14144 Sent
Packet 14148 Sent
Packet 14152 Sent
Packet 14156 Sent
Packet 14160 Sent
Packet 14164 Sent
Packet 14168 Sent
Packet 14172 Sent
Packet 14176 Sent
Packet 14180 Sent
Packet 14184 Sent
Packet 14188 Sent
Packet 14192 Sent
Packet 14196 Sent
Packet 14200 Sent
Packet 14204 Sent
Packet 14208 Sent
Packet 14212 Sent
Packet 14216 Sent
Packet 14220 Sent
Packet 14224 Sent
Packet 14228 Sent
Packet 14232 Sent
Packet 14236 Sent
Packet 14240 Sent
Packet 14244 Sent
Packet 14248 Sent
Packet 14252 Sent
Packet 14256 Sent
Packet 14260 Sent
Packet 14264 Sent
Packet 14268 Sent
Packet 14272 Sent
Packet 14276 Sent
Packet 14280 Sent
Packet 14284 Sent
Packet 14288 Sent
Packet 14292 Sent
Packet 14296 Sent
Packet 14300 Sent
Packet 14304 Sent
Packet 14308 Sent
Packet 14312 Sent
Packet 14316 Sent
Packet 14320 Sent
Packet 14324 Sent
Packet 14328 Sent
Packet 14332 Sent
Packet 14336 Sent
Packet 14340 Sent
Packet 14344 Sent
Packet 14348 Sent
Packet 14352 Sent
Packet 14356 Sent
Packet 14360 Sent
Packet 14364 Sent
Packet 14368 Sent
Packet 14372 Sent
Packet 14376 Sent
Packet 14380 Sent
Packet 14384 Sent
Packet 14388 Sent
Packet 14392 Sent
Packet 14396 Sent
Packet 14400 Sent
Packet 14404 Sent
Packet 14408 Sent
Packet 14412 Sent
Packet 14416 Sent
Packet 14420 Sent
Packet 14424 Sent
Packet 14428 Sent
Packet 14432 Sent
Packet 14436 Sent
Packet 14440 Sent
Packet 14444 Sent
Packet 14448 Sent
Packet 14452 Sent
Packet 14456 Sent
Packet 14460 Sent
Packet 14464 Sent
Packet 14468 Sent
Packet 14472 Sent
Packet 14476 Sent
Packet 14480 Sent
Packet 14484 Sent
Packet 14488 Sent
Packet 14492 Sent
Packet 14496 Sent
Packet 14500 Sent
Packet 14504 Sent
Packet 14508 Sent
Packet 14512 Sent
Packet 14516 Sent
Packet 14520 Sent
Packet 14524 Sent
Packet 14528 Sent
Packet 14532 Sent
Packet 14536 Sent
Packet 14540 Sent
Packet 14544 Sent
Packet 14548 Sent
Packet 14552 Sent
Packet 14556 Sent
Packet 14560 Sent
Packet 14564 Sent
Packet 14568 Sent
Packet 14572 Sent
Packet 14576 Sent
Packet 14580 Sent
Packet 14584 Sent
Packet 14588 Sent
Packet 14592 Sent
Packet 14596 Sent
Packet 14600 Sent
Packet 14604 Sent
Packet 14608 Sent
Packet 14612 Sent
Packet 14616 Sent
Packet 14620 Sent
Packet 14624 Sent
Packet 14628 Sent
Packet 14632 Sent
Packet 14636 Sent
Packet 14640 Sent
Packet 14644 Sent
Packet 14648 Sent
Packet 14652 Sent
Packet 14656 Sent
Packet 14660 Sent
Packet 14664 Sent
Packet 14668 Sent
Packet 14672 Sent
Packet 14676 Sent
Packet 14680 Sent
Packet 14684 Sent
Packet 14688 Sent
Packet 14692 Sent
Packet 14696 Sent
Packet 14700 Sent
Packet 14704 Sent
Packet 14708 Sent
Packet 14712 Sent
Packet 14716 Sent
Packet 14720 Sent
Packet 14724 Sent
Packet 14728 Sent
Packet 14732 Sent
Packet 14736 Sent
Packet 14740 Sent
Packet 14744 Sent
Packet 14748 Sent
Packet 14752 Sent
Packet 14756 Sent
Packet 14760 Sent
Packet 14764 Sent
Packet 14768 Sent
Packet 14772 Sent
Packet 14776 Sent
Packet 14780 Sent
Packet 14784 Sent
Packet 14788 Sent
Packet 14792 Sent
Packet 14796 Sent
Packet 14800 Sent
Packet 14804 Sent
Packet 14808 Sent
Packet 14812 Sent
Packet 14816 Sent
Packet 14820 Sent
Packet 14824 Sent
Packet 14828 Sent
Packet 14832 Sent
Packet 14836 Sent
Packet 14840 Sent
Packet 14844 Sent
Packet 14848 Sent
Packet 14852 Sent
Packet 14856 Sent
Packet 14860 Sent
Packet 14864 Sent
Packet 14868 Sent
Packet 14872 Sent
Packet 14876 Sent
Packet 14880 Sent
Packet 14884 Sent
Packet 14888 Sent
Packet 14892 Sent
Packet 14896 Sent
Packet 14900 Sent
Packet 14904 Sent
Packet 14908 Sent
Packet 14912 Sent
Packet 14916 Sent
Packet 14920 Sent
Packet 14924 Sent
Packet 14928 Sent
Packet 14932 Sent
Packet 14936 Sent
Packet 14940 Sent
Packet 14944 Sent
Packet 14948 Sent
Packet 14952 Sent
Packet 14956 Sent
Packet 14960 Sent
Packet 14964 Sent
Packet 14968 Sent
Packet 14972 Sent
Packet 14976 Sent
Packet 14980 Sent
Packet 14984 Sent
Packet 14988 Sent
Packet 14992 Sent
Packet 14996 Sent
Packet 15000 Sent
Packet 15004 Sent
Packet 15008 Sent[STEP EXIT CODE] 0
