
 SelfProgrammer PC Tool Started

 Reading commandline parameters

 Com port setting function called
 Setting value 8 for Port
Com port has set[STEP EXIT CODE] 0

 SelfProgrammer PC Tool Started

 Reading commandline parameters

 Setting value 38400 for Download

 Download baudrate has set [STEP EXIT CODE] 0

 SelfProgrammer PC Tool Started

 Reading commandline parameters

 Setting the board number
 Setting value 48 for FEBEBoardNumber
Board Number 48 is set for Programming[STEP EXIT CODE] 0

 SelfProgrammer PC Tool Started

 Reading commandline parameters

 Download parameter readChecking for the file availablitiy
Full Path : C:\GBP_Testing\bbGBP-IEC-62443-4-2_binaries-prerelease-V43.34.01.00026\Releases\SaVerAdvPlus_SB_binaries\VP_SET_1\11122244V02.01.00.00002_R_K_TSIP_BL_02_01_00_00002_EXT_UpdPkg.bin
Given binary file is valid. It is used for this download

 Setting value C:\GBP_Testing\bbGBP-IEC-62443-4-2_binaries-prerelease-V43.34.01.00026\Releases\SaVerAdvPlus_SB_binaries\VP_SET_1\11122244V02.01.00.00002_R_K_TSIP_BL_02_01_00_00002_EXT_UpdPkg.bin for File


 Reading Port value from settings file
 Value for Port is 8.



 Reading File value from settings file
 Value for File is C:\GBP_Testing\bbGBP-IEC-62443-4-2_binaries-prerelease-V43.34.01.00026\Releases\SaVerAdvPlus_SB_binaries\VP_SET_1\11122244V02.01.00.00002_R_K_TSIP_BL_02_01_00_00002_EXT_UpdPkg.bin.



 Reading Port value from settings file
 Value for Port is 8.



 Reading Geni value from settings file
 Value for Geni is 1.



 Reading Wireless value from settings file
 Value for Wireless is 0.



 Reading LOG value from settings file
 Value for LOG is LOG_ENABLED.



 Reading Download value from settings file
 Value for Download is 38400.


 Device Connected

 Reading Download value from settings file
 Value for Download is 38400.

Comparing the version

 Reading File value from settings file
 Value for File is C:\GBP_Testing\bbGBP-IEC-62443-4-2_binaries-prerelease-V43.34.01.00026\Releases\SaVerAdvPlus_SB_binaries\VP_SET_1\11122244V02.01.00.00002_R_K_TSIP_BL_02_01_00_00002_EXT_UpdPkg.bin.



 Reading FEBEBoardNumber value from settings file
 Value for FEBEBoardNumber is 48.



 Reading LOG value from settings file
 Value for LOG is LOG_ENABLED.


Setting the board number 48
Before the ReadFirmare version Call

 Reading LOG value from settings file
 Value for LOG is LOG_ENABLED.


 Reading flag information from the device..Please wait...

 Reading Port value from settings file
 Value for Port is 8.



 Reading Download value from settings file
 Value for Download is 38400.



 Reading FEBEBoardNumber value from settings file
 Value for FEBEBoardNumber is 48.


Setting the board number 48
Before the ReadFirmare version Call

 Reading FEBEBoardNumber value from settings file
 Value for FEBEBoardNumber is 48.



 Reading LOG value from settings file
 Value for LOG is LOG_ENABLED.


 Read Max baudrate from Class 0 and id 1 to set auto baudrate
 Write Max baudrate Class 5 and id 39 to use auto baudrate
 Auto baudrate setting failed, So, again trying to set the User set baudrate
 Write Max baudrate Class 5 and id 39 to use auto baudrate
 VERSION  2
Before the ReadFirmare version Call
Packet 4 Sent
Packet 8 Sent
Packet 12 Sent
Packet 16 Sent
Packet 20 Sent
Packet 24 Sent
Packet 28 Sent
Packet 32 Sent
Packet 36 Sent
Packet 40 Sent
Packet 44 Sent
Packet 48 Sent
Packet 52 Sent
Packet 56 Sent
Packet 60 Sent
Packet 64 Sent
Packet 68 Sent
Packet 72 Sent
Packet 76 Sent
Packet 80 Sent
Packet 84 Sent
Packet 88 Sent
Packet 92 Sent
Packet 96 Sent
Packet 100 Sent
Packet 104 Sent
Packet 108 Sent
Packet 112 Sent
Packet 116 Sent
Packet 120 Sent
Packet 124 Sent
Packet 128 Sent
Packet 132 Sent
Packet 136 Sent
Packet 140 Sent
Packet 144 Sent
Packet 148 Sent
Packet 152 Sent
Packet 156 Sent
Packet 160 Sent
Packet 164 Sent
Packet 168 Sent
Packet 172 Sent
Packet 176 Sent
Packet 180 Sent
Packet 184 Sent
Packet 188 Sent
Packet 192 Sent
Packet 196 Sent
Packet 200 Sent
Packet 204 Sent
Packet 208 Sent
Packet 212 Sent
Packet 216 Sent
Packet 220 Sent
Packet 224 Sent
Packet 228 Sent
Packet 232 Sent
Packet 236 Sent
Packet 240 Sent
Packet 244 Sent
Packet 248 Sent
Packet 252 Sent
Packet 256 Sent
Packet 260 Sent
Packet 264 Sent
Packet 268 Sent
Packet 272 Sent
Packet 276 Sent
Packet 280 Sent
Packet 284 Sent
Packet 288 Sent
Packet 292 Sent
Packet 296 Sent
Packet 300 Sent
Packet 304 Sent
Packet 308 Sent
Packet 312 Sent
Packet 316 Sent
Packet 320 Sent
Packet 324 Sent
Packet 328 Sent
Packet 332 Sent
Packet 336 Sent
Packet 340 Sent
Packet 344 Sent
Packet 348 Sent
Packet 352 Sent
Packet 356 Sent
Packet 360 Sent
Packet 364 Sent
Packet 368 Sent
Packet 372 Sent
Packet 376 Sent
Packet 380 Sent
Packet 384 Sent
Packet 388 Sent
Packet 392 Sent
Packet 396 Sent
Packet 400 Sent
Packet 404 Sent
Packet 408 Sent
Packet 412 Sent
Packet 416 Sent
Packet 420 Sent
Packet 424 Sent
Packet 428 Sent
Packet 432 Sent
Packet 436 Sent
Packet 440 Sent
Packet 444 Sent
Packet 448 Sent
Packet 452 Sent
Packet 456 Sent
Packet 460 Sent
Packet 464 Sent
Packet 468 Sent
Packet 472 Sent
Packet 476 Sent
Packet 480 Sent
Packet 484 Sent
Packet 488 Sent
Packet 492 Sent
Packet 496 Sent
Packet 500 Sent
Packet 504 Sent
Packet 508 Sent
Packet 512 Sent
Packet 516 Sent
Packet 520 Sent
Packet 524 Sent
Packet 528 Sent
Packet 532 Sent
Packet 536 Sent
Packet 540 Sent
Packet 544 Sent
Packet 548 Sent
Packet 552 Sent
Packet 556 Sent
Packet 560 Sent
Packet 564 Sent
Packet 568 Sent
Packet 572 Sent
Packet 576 Sent
Packet 580 Sent
Packet 584 Sent
Packet 588 Sent
Packet 592 Sent
Packet 596 Sent
Packet 600 Sent
Packet 604 Sent
Packet 608 Sent
Packet 612 Sent
Packet 616 Sent
Packet 620 Sent
Packet 624 Sent
Packet 628 Sent
Packet 632 Sent
Packet 636 Sent
Packet 640 Sent
Packet 644 Sent
Packet 648 Sent
Packet 652 Sent
Packet 656 Sent
Packet 660 Sent
Packet 664 Sent
Packet 668 Sent
Packet 672 Sent
Packet 676 Sent
Packet 680 Sent
Packet 684 Sent
Packet 688 Sent
Packet 692 Sent
Packet 696 Sent
Packet 700 Sent
Packet 704 Sent
Packet 708 Sent
Packet 712 Sent
Packet 716 Sent
Packet 720 Sent
Packet 724 Sent
Packet 728 Sent
Packet 732 Sent
Packet 736 Sent
Packet 740 Sent
Packet 744 Sent
Packet 748 Sent
Packet 752 Sent
Packet 756 Sent
Packet 760 Sent
Packet 764 Sent
Packet 768 Sent
Packet 772 Sent
Packet 776 Sent
Packet 780 Sent
Packet 784 Sent
Packet 788 Sent
Packet 792 Sent
Packet 796 Sent
Packet 800 Sent
Packet 804 Sent
Packet 808 Sent
Packet 812 Sent
Packet 816 Sent
Packet 820 Sent
Packet 824 Sent
Packet 828 Sent
Packet 832 Sent
Packet 836 Sent
Packet 840 Sent
Packet 844 Sent
Packet 848 Sent
Packet 852 Sent
Packet 856 Sent
Packet 860 Sent
Packet 864 Sent
Packet 868 Sent
Packet 872 Sent
Packet 876 Sent
Packet 880 Sent
Packet 884 Sent
Packet 888 Sent
Packet 892 Sent
Packet 896 Sent
Packet 900 Sent
Packet 904 Sent
Packet 908 Sent
Packet 912 Sent
Packet 916 Sent
Packet 920 Sent
Packet 924 Sent
Packet 928 Sent
Packet 932 Sent
Packet 936 Sent
Packet 940 Sent
Packet 944 Sent
Packet 948 Sent
Packet 952 Sent
Packet 956 Sent
Packet 960 Sent
Packet 964 Sent
Packet 968 Sent
Packet 972 Sent
Packet 976 Sent
Packet 980 Sent
Packet 984 Sent
Packet 988 Sent
Packet 992 Sent
Packet 996 Sent
Packet 1000 Sent
Packet 1004 Sent
Packet 1008 Sent
Packet 1012 Sent
Packet 1016 Sent
Packet 1020 Sent
Packet 1024 Sent
Packet 1028 Sent
Packet 1032 Sent
Packet 1036 Sent
Packet 1040 Sent
Packet 1044 Sent
Packet 1048 Sent
Packet 1052 Sent
Packet 1056 Sent
Packet 1060 Sent
Packet 1064 Sent
Packet 1068 Sent
Packet 1072 Sent
Packet 1076 Sent
Packet 1080 Sent
Packet 1084 Sent
Packet 1088 Sent
Packet 1092 Sent
Packet 1096 Sent
Packet 1100 Sent
Packet 1104 Sent
Packet 1108 Sent
Packet 1112 Sent
Packet 1116 Sent
Packet 1120 Sent
Packet 1124 Sent
Packet 1128 Sent
Packet 1132 Sent
Packet 1136 Sent
Packet 1140 Sent
Packet 1144 Sent
Packet 1148 Sent
Packet 1152 Sent
Packet 1156 Sent
Packet 1160 Sent
Packet 1164 Sent
Packet 1168 Sent
Packet 1172 Sent
Packet 1176 Sent
Packet 1180 Sent
Packet 1184 Sent
Packet 1188 Sent
Packet 1192 Sent
Packet 1196 Sent
Packet 1200 Sent
Packet 1204 Sent
Packet 1208 Sent
Packet 1212 Sent
Packet 1216 Sent
Packet 1220 Sent
Packet 1224 Sent
Packet 1228 Sent
Packet 1232 Sent
Packet 1236 Sent
Packet 1240 Sent
Packet 1244 Sent
Packet 1248 Sent
Packet 1252 Sent
Packet 1256 Sent
Packet 1260 Sent
Packet 1264 Sent
Packet 1268 Sent
Packet 1272 Sent
Packet 1276 Sent
Packet 1280 Sent
Packet 1284 Sent
Packet 1288 Sent
Packet 1292 Sent
Packet 1296 Sent
Packet 1300 Sent
Packet 1304 Sent
Packet 1308 Sent
Packet 1312 Sent
Packet 1316 Sent
Packet 1320 Sent
Packet 1324 Sent
Packet 1328 Sent
Packet 1332 Sent
Packet 1336 Sent
Packet 1340 Sent
Packet 1344 Sent
Packet 1348 Sent
Packet 1352 Sent
Packet 1356 Sent
Packet 1360 Sent
Packet 1364 Sent
Packet 1368 Sent
Packet 1372 Sent
Packet 1376 Sent
Packet 1380 Sent
Packet 1384 Sent
Packet 1388 Sent
Packet 1392 Sent
Packet 1396 Sent
Packet 1400 Sent
Packet 1404 Sent
Packet 1408 Sent
Packet 1412 Sent
Packet 1416 Sent
Packet 1420 Sent
Packet 1424 Sent
Packet 1428 Sent
Packet 1432 Sent
Packet 1436 Sent
Packet 1440 Sent
Packet 1444 Sent
Packet 1448 Sent
Packet 1452 Sent
Packet 1456 Sent
Packet 1460 Sent
Packet 1464 Sent
Packet 1468 Sent
Packet 1472 Sent
Packet 1476 Sent
Packet 1480 Sent
Packet 1484 Sent
Packet 1488 Sent
Packet 1492 Sent
Packet 1496 Sent
Packet 1500 Sent
Packet 1504 Sent
Packet 1508 Sent
Packet 1512 Sent
Packet 1516 Sent
Packet 1520 Sent
Packet 1524 Sent
Packet 1528 Sent
Packet 1532 Sent
Packet 1536 Sent
Packet 1540 Sent
Packet 1544 Sent
Packet 1548 Sent
Packet 1552 Sent
Packet 1556 Sent
Packet 1560 Sent
Packet 1564 Sent
Packet 1568 Sent
Packet 1572 Sent
Packet 1576 Sent
Packet 1580 Sent
Packet 1584 Sent
Packet 1588 Sent
Packet 1592 Sent
Packet 1596 Sent
Packet 1600 Sent
Packet 1604 Sent
Packet 1608 Sent
Packet 1612 Sent
Packet 1616 Sent
Packet 1620 Sent
Packet 1624 Sent
Packet 1628 Sent
Packet 1632 Sent
Packet 1636 Sent
Packet 1640 Sent
Packet 1644 Sent
Packet 1648 Sent
Packet 1652 Sent
Packet 1656 Sent
Packet 1660 Sent
Packet 1664 Sent
Packet 1668 Sent
Packet 1672 Sent
Packet 1676 Sent
Packet 1680 Sent
Packet 1684 Sent
Packet 1688 Sent
Packet 1692 Sent
Packet 1696 Sent
Packet 1700 Sent
Packet 1704 Sent
Packet 1708 Sent
Packet 1712 Sent
Packet 1716 Sent
Packet 1720 Sent
Packet 1724 Sent
Packet 1728 Sent
Packet 1732 Sent
Packet 1736 Sent
Packet 1740 Sent
Packet 1744 Sent
Packet 1748 Sent
Packet 1752 Sent
Packet 1756 Sent
Packet 1760 Sent
Packet 1764 Sent
Packet 1768 Sent
Packet 1772 Sent
Packet 1776 Sent
Packet 1780 Sent
Packet 1784 Sent
Packet 1788 Sent
Packet 1792 Sent
Packet 1796 Sent
Packet 1800 Sent
Packet 1804 Sent
Packet 1808 Sent
Packet 1812 Sent
Packet 1816 Sent
Packet 1820 Sent
Packet 1824 Sent
Packet 1828 Sent
Packet 1832 Sent
Packet 1836 Sent
Packet 1840 Sent
Packet 1844 Sent
Packet 1848 Sent
Packet 1852 Sent
Packet 1856 Sent
Packet 1860 Sent
Packet 1864 Sent
Packet 1868 Sent
Packet 1872 Sent
Packet 1876 Sent
Packet 1880 Sent
Packet 1884 Sent
Packet 1888 Sent
Packet 1892 Sent
Packet 1896 Sent
Packet 1900 Sent
Packet 1904 Sent
Packet 1908 Sent
Packet 1912 Sent
Packet 1916 Sent
Packet 1920 Sent
Packet 1924 Sent
Packet 1928 Sent
Packet 1932 Sent
Packet 1936 Sent
Packet 1940 Sent
Packet 1944 Sent
Packet 1948 Sent
Packet 1952 Sent
Packet 1956 Sent
Packet 1960 Sent
Packet 1964 Sent
Packet 1968 Sent
Packet 1972 Sent
Packet 1976 Sent
Packet 1980 Sent
Packet 1984 Sent
Packet 1988 Sent
Packet 1992 Sent
Packet 1996 Sent
Packet 2000 Sent
Packet 2004 Sent
Packet 2008 Sent
Packet 2012 Sent
Packet 2016 Sent
Packet 2020 Sent
Packet 2024 Sent
Packet 2028 Sent
Packet 2032 Sent
Packet 2036 Sent
Packet 2040 Sent
Packet 2044 Sent
Packet 2048 Sent
Packet 2052 Sent
Packet 2056 Sent
Packet 2060 Sent
Packet 2064 Sent
Packet 2068 Sent
Packet 2072 Sent
Packet 2076 Sent
Packet 2080 Sent
Packet 2084 Sent
Packet 2088 Sent
Packet 2092 Sent
Packet 2096 Sent
Packet 2100 Sent
Packet 2104 Sent
Packet 2108 Sent
Packet 2112 Sent
Packet 2116 Sent
Packet 2120 Sent
Packet 2124 Sent
Packet 2128 Sent
Packet 2132 Sent
Packet 2136 Sent
Packet 2140 Sent
Packet 2144 Sent
Packet 2148 Sent
Packet 2152 Sent
Packet 2156 Sent
Packet 2160 Sent
Packet 2164 Sent
Packet 2168 Sent
Packet 2172 Sent
Packet 2176 Sent
Packet 2180 Sent
Packet 2184 Sent
Packet 2188 Sent
Packet 2192 Sent
Packet 2196 Sent
Packet 2200 Sent
Packet 2204 Sent
Packet 2208 Sent
Packet 2212 Sent
Packet 2216 Sent
Packet 2220 Sent
Packet 2224 Sent
Packet 2228 Sent
Packet 2232 Sent
Packet 2236 Sent
Packet 2240 Sent
Packet 2244 Sent
Packet 2248 Sent
Packet 2252 Sent
Packet 2256 Sent
Packet 2260 Sent
Packet 2264 Sent
Packet 2268 Sent
Packet 2272 Sent
Packet 2276 Sent
Packet 2280 Sent
Packet 2284 Sent
Packet 2288 Sent
Packet 2292 Sent
Packet 2296 Sent
Packet 2300 Sent
Packet 2304 Sent
Packet 2308 Sent
Packet 2312 Sent
Packet 2316 Sent
Packet 2320 Sent
Packet 2324 Sent
Packet 2328 Sent
Packet 2332 Sent
Packet 2336 Sent
Packet 2340 Sent
Packet 2344 Sent
Packet 2348 Sent
Packet 2352 Sent
Packet 2356 Sent
Packet 2360 Sent
Packet 2364 Sent
Packet 2368 Sent
Packet 2372 Sent
Packet 2376 Sent
Packet 2380 Sent
Packet 2384 Sent
Packet 2388 Sent
Packet 2392 Sent
Packet 2396 Sent
Packet 2400 Sent
Packet 2404 Sent
Packet 2408 Sent
Packet 2412 Sent
Packet 2416 Sent
Packet 2420 Sent
Packet 2424 Sent
Packet 2428 Sent
Packet 2432 Sent
Packet 2436 Sent
Packet 2440 Sent
Packet 2444 Sent
Packet 2448 Sent
Packet 2452 Sent
Packet 2456 Sent
Packet 2460 Sent
Packet 2464 Sent
Packet 2468 Sent
Packet 2472 Sent
Packet 2476 Sent
Packet 2480 Sent
Packet 2484 Sent
Packet 2488 Sent
Packet 2492 Sent
Packet 2496 Sent
Packet 2500 Sent
Packet 2504 Sent
Packet 2508 Sent
Packet 2512 Sent
Packet 2516 Sent
Packet 2520 Sent
Packet 2524 Sent
Packet 2528 Sent
Packet 2532 Sent
Packet 2536 Sent
Packet 2540 Sent
Packet 2544 Sent
Packet 2548 Sent
Packet 2552 Sent
Packet 2556 Sent
Packet 2560 Sent
Packet 2564 Sent
Packet 2568 Sent
Packet 2572 Sent
Packet 2576 Sent
Packet 2580 Sent
Packet 2584 Sent
Packet 2588 Sent
Packet 2592 Sent
Packet 2596 Sent
Packet 2600 Sent
Packet 2604 Sent
Packet 2608 Sent
Packet 2612 Sent
Packet 2616 Sent
Packet 2620 Sent
Packet 2624 Sent
Packet 2628 Sent
Packet 2632 Sent
Packet 2636 Sent
Packet 2640 Sent
Packet 2644 Sent
Packet 2648 Sent
Packet 2652 Sent
Packet 2656 Sent
Packet 2660 Sent
Packet 2664 Sent
Packet 2668 Sent
Packet 2672 Sent
Packet 2676 Sent
Packet 2680 Sent
Packet 2684 Sent
Packet 2688 Sent
Packet 2692 Sent
Packet 2696 Sent
Packet 2700 Sent
Packet 2704 Sent
Packet 2708 Sent
Packet 2712 Sent
Packet 2716 Sent
Packet 2720 Sent
Packet 2724 Sent
Packet 2728 Sent
Packet 2732 Sent
Packet 2736 Sent
Packet 2740 Sent
Packet 2744 Sent
Packet 2748 Sent
Packet 2752 Sent
Packet 2756 Sent
Packet 2760 Sent
Packet 2764 Sent
Packet 2768 Sent
Packet 2772 Sent
Packet 2776 Sent
Packet 2780 Sent
Packet 2784 Sent
Packet 2788 Sent
Packet 2792 Sent
Packet 2796 Sent
Packet 2800 Sent
Packet 2804 Sent
Packet 2808 Sent
Packet 2812 Sent
Packet 2816 Sent
Packet 2820 Sent
Packet 2824 Sent
Packet 2828 Sent
Packet 2832 Sent
Packet 2836 Sent
Packet 2840 Sent
Packet 2844 Sent
Packet 2848 Sent
Packet 2852 Sent
Packet 2856 Sent
Packet 2860 Sent
Packet 2864 Sent
Packet 2868 Sent
Packet 2872 Sent
Packet 2876 Sent
Packet 2880 Sent
Packet 2884 Sent
Packet 2888 Sent
Packet 2892 Sent
Packet 2896 Sent
Packet 2900 Sent
Packet 2904 Sent
Packet 2908 Sent
Packet 2912 Sent
Packet 2916 Sent
Packet 2920 Sent
Packet 2924 Sent
Packet 2928 Sent
Packet 2932 Sent
Packet 2936 Sent
Packet 2940 Sent
Packet 2944 Sent
Packet 2948 Sent
Packet 2952 Sent
Packet 2956 Sent
Packet 2960 Sent
Packet 2964 Sent
Packet 2968 Sent
Packet 2972 Sent
Packet 2976 Sent
Packet 2980 Sent
Packet 2984 Sent
Packet 2988 Sent
Packet 2992 Sent
Packet 2996 Sent
Packet 3000 Sent
Packet 3004 Sent
Packet 3008 Sent
Packet 3012 Sent
Packet 3016 Sent
Packet 3020 Sent
Packet 3024 Sent
Packet 3028 Sent
Packet 3032 Sent
Packet 3036 Sent
Packet 3040 Sent
Packet 3044 Sent
Packet 3048 Sent
Packet 3052 Sent
Packet 3056 Sent
Packet 3060 Sent
Packet 3064 Sent
Packet 3068 Sent
Packet 3072 Sent
Packet 3076 Sent
Packet 3080 Sent
Packet 3084 Sent
Packet 3088 Sent
Packet 3092 Sent
Packet 3096 Sent
Packet 3100 Sent
Packet 3104 Sent
Packet 3108 Sent
Packet 3112 Sent
Packet 3116 Sent
Packet 3120 Sent
Packet 3124 Sent
Packet 3128 Sent
Packet 3132 Sent
Packet 3136 Sent
Packet 3140 Sent
Packet 3144 Sent
Packet 3148 Sent
Packet 3152 Sent
Packet 3156 Sent
Packet 3160 Sent
Packet 3164 Sent
Packet 3168 Sent
Packet 3172 Sent
Packet 3176 Sent
Packet 3180 Sent
Packet 3184 Sent
Packet 3188 Sent
Packet 3192 Sent
Packet 3196 Sent
Packet 3200 Sent
Packet 3204 Sent
Packet 3208 Sent
Packet 3212 Sent
Packet 3216 Sent
Packet 3220 Sent
Packet 3224 Sent
Packet 3228 Sent
Packet 3232 Sent
Packet 3236 Sent
Packet 3240 Sent
Packet 3244 Sent
Packet 3248 Sent
Packet 3252 Sent
Packet 3256 Sent
Packet 3260 Sent
Packet 3264 Sent
Packet 3268 Sent
Packet 3272 Sent
Packet 3276 Sent
Packet 3280 Sent
Packet 3284 Sent
Packet 3288 Sent
Packet 3292 Sent
Packet 3296 Sent
Packet 3300 Sent
Packet 3304 Sent
Packet 3308 Sent
Packet 3312 Sent
Packet 3316 Sent
Packet 3320 Sent
Packet 3324 Sent
Packet 3328 Sent
Packet 3332 Sent
Packet 3336 Sent
Packet 3340 Sent
Packet 3344 Sent
Packet 3348 Sent
Packet 3352 Sent
Packet 3356 Sent
Packet 3360 Sent
Packet 3364 Sent
Packet 3368 Sent
Packet 3372 Sent
Packet 3376 Sent
Packet 3380 Sent
Packet 3384 Sent
Packet 3388 Sent
Packet 3392 Sent
Packet 3396 Sent
Packet 3400 Sent
Packet 3404 Sent
Packet 3408 Sent
Packet 3412 Sent
Packet 3416 Sent
Packet 3420 Sent
Packet 3424 Sent
Packet 3428 Sent
Packet 3432 Sent
Packet 3436 Sent
Packet 3440 Sent
Packet 3444 Sent
Packet 3448 Sent
Packet 3452 Sent
Packet 3456 Sent
Packet 3460 Sent
Packet 3464 Sent
Packet 3468 Sent
Packet 3472 Sent
Packet 3476 Sent
Packet 3480 Sent
Packet 3484 Sent
Packet 3488 Sent
Packet 3492 Sent
Packet 3496 Sent
Packet 3500 Sent
Packet 3504 Sent
Packet 3508 Sent
Packet 3512 Sent
Packet 3516 Sent
Packet 3520 Sent
Packet 3524 Sent
Packet 3528 Sent
Packet 3532 Sent
Packet 3536 Sent
Packet 3540 Sent
Packet 3544 Sent
Packet 3548 Sent
Packet 3552 Sent
Packet 3556 Sent
Packet 3560 Sent
Packet 3564 Sent
Packet 3568 Sent
Packet 3572 Sent
Packet 3576 Sent
Packet 3580 Sent
Packet 3584 Sent
Packet 3588 Sent
Packet 3592 Sent
Packet 3596 Sent
Packet 3600 Sent
Packet 3604 Sent
Packet 3608 Sent
Packet 3612 Sent
Packet 3616 Sent
Packet 3620 Sent
Packet 3624 Sent
Packet 3628 Sent
Packet 3632 Sent
Packet 3636 Sent
Packet 3640 Sent
Packet 3644 Sent
Packet 3648 Sent
Packet 3652 Sent
Packet 3656 Sent
Packet 3660 Sent
Packet 3664 Sent
Packet 3668 Sent
Packet 3672 Sent
Packet 3676 Sent
Packet 3680 Sent
Packet 3684 Sent
Packet 3688 Sent
Packet 3692 Sent
Packet 3696 Sent
Packet 3700 Sent
Packet 3704 Sent
Packet 3708 Sent
Packet 3712 Sent
Packet 3716 Sent
Packet 3720 Sent
Packet 3724 Sent
Packet 3728 Sent
Packet 3732 Sent
Packet 3736 Sent
Packet 3740 Sent
Packet 3744 Sent
Packet 3748 Sent
Packet 3752 Sent
Packet 3756 Sent
Packet 3760 Sent
Packet 3764 Sent
Packet 3768 Sent
Packet 3772 Sent
Packet 3776 Sent
Packet 3780 Sent
Packet 3784 Sent
Packet 3788 Sent
Packet 3792 Sent
Packet 3796 Sent
Packet 3800 Sent
Packet 3804 Sent
Packet 3808 Sent
Packet 3812 Sent
Packet 3816 Sent
Packet 3820 Sent
Packet 3824 Sent
Packet 3828 Sent
Packet 3832 Sent
Packet 3836 Sent
Packet 3840 Sent
Packet 3844 Sent
Packet 3848 Sent
Packet 3852 Sent
Packet 3856 Sent
Packet 3860 Sent
Packet 3864 Sent
Packet 3868 Sent
Packet 3872 Sent
Packet 3876 Sent
Packet 3880 Sent
Packet 3884 Sent
Packet 3888 Sent
Packet 3892 Sent
Packet 3896 Sent
Packet 3900 Sent
Packet 3904 Sent
Packet 3908 Sent
Packet 3912 Sent
Packet 3916 Sent
Packet 3920 Sent
Packet 3924 Sent
Packet 3928 Sent
Packet 3932 Sent
Packet 3936 Sent
Packet 3940 Sent
Packet 3944 Sent
Packet 3948 Sent
Packet 3952 Sent
Packet 3956 Sent
Packet 3960 Sent
Packet 3964 Sent
Packet 3968 Sent
Packet 3972 Sent
Packet 3976 Sent
Packet 3980 Sent
Packet 3984 Sent
Packet 3988 Sent
Packet 3992 Sent
Packet 3996 Sent
Packet 4000 Sent
Packet 4004 Sent
Packet 4008 Sent
Packet 4012 Sent
Packet 4016 Sent
Packet 4020 Sent
Packet 4024 Sent
Packet 4028 Sent
Packet 4032 Sent
Packet 4036 Sent
Packet 4040 Sent
Packet 4044 Sent
Packet 4048 Sent
Packet 4052 Sent
Packet 4056 Sent
Packet 4060 Sent
Packet 4064 Sent
Packet 4068 Sent
Packet 4072 Sent
Packet 4076 Sent
Packet 4080 Sent
Packet 4084 Sent
Packet 4088 Sent
Packet 4092 Sent
Packet 4096 Sent
Packet 4100 Sent
Packet 4104 Sent
Packet 4108 Sent
Packet 4112 Sent
Packet 4116 Sent
Packet 4120 Sent
Packet 4124 Sent
Packet 4128 Sent
Packet 4132 Sent
Packet 4136 Sent
Packet 4140 Sent
Packet 4144 Sent
Packet 4148 Sent
Packet 4152 Sent
Packet 4156 Sent
Packet 4160 Sent
Packet 4164 Sent
Packet 4168 Sent
Packet 4172 Sent
Packet 4176 Sent
Packet 4180 Sent
Packet 4184 Sent
Packet 4188 Sent
Packet 4192 Sent
Packet 4196 Sent
Packet 4200 Sent
Packet 4204 Sent
Packet 4208 Sent
Packet 4212 Sent
Packet 4216 Sent
Packet 4220 Sent
Packet 4224 Sent
Packet 4228 Sent
Packet 4232 Sent
Packet 4236 Sent
Packet 4240 Sent
Packet 4244 Sent
Packet 4248 Sent
