
 SelfProgrammer PC Tool Started

 Reading commandline parameters

 Com port setting function called
 Setting value 8 for Port
Com port has set[STEP EXIT CODE] 0

 SelfProgrammer PC Tool Started

 Reading commandline parameters

 Setting value 38400 for Download

 Download baudrate has set [STEP EXIT CODE] 0

 SelfProgrammer PC Tool Started

 Reading commandline parameters

 Setting the board number
 Setting value 48 for FEBEBoardNumber
Board Number 48 is set for Programming[STEP EXIT CODE] 0

 SelfProgrammer PC Tool Started

 Reading commandline parameters

 Download parameter readChecking for the file availablitiy
Full Path : C:\GBP_Testing\bbGBP-IEC-62443-4-2_binaries-prerelease-V43.34.01.00026\Releases\SaVerAdvPlus_SB_binaries\VP_SET_1\11122244V02.01.00.00002_R_K_TSIP_BL_02_01_00_00002_EXT_UpdPkg.bin
Given binary file is valid. It is used for this download

 Setting value C:\GBP_Testing\bbGBP-IEC-62443-4-2_binaries-prerelease-V43.34.01.00026\Releases\SaVerAdvPlus_SB_binaries\VP_SET_1\11122244V02.01.00.00002_R_K_TSIP_BL_02_01_00_00002_EXT_UpdPkg.bin for File


 Reading Port value from settings file
 Value for Port is 8.



 Reading File value from settings file
 Value for File is C:\GBP_Testing\bbGBP-IEC-62443-4-2_binaries-prerelease-V43.34.01.00026\Releases\SaVerAdvPlus_SB_binaries\VP_SET_1\11122244V02.01.00.00002_R_K_TSIP_BL_02_01_00_00002_EXT_UpdPkg.bin.



 Reading Port value from settings file
 Value for Port is 8.



 Reading Geni value from settings file
 Value for Geni is 1.



 Reading Wireless value from settings file
 Value for Wireless is 0.



 Reading LOG value from settings file
 Value for LOG is LOG_ENABLED.



 Reading Download value from settings file
 Value for Download is 38400.


 Device Connected

 Reading Download value from settings file
 Value for Download is 38400.

Comparing the version

 Reading File value from settings file
 Value for File is C:\GBP_Testing\bbGBP-IEC-62443-4-2_binaries-prerelease-V43.34.01.00026\Releases\SaVerAdvPlus_SB_binaries\VP_SET_1\11122244V02.01.00.00002_R_K_TSIP_BL_02_01_00_00002_EXT_UpdPkg.bin.



 Reading FEBEBoardNumber value from settings file
 Value for FEBEBoardNumber is 48.



 Reading LOG value from settings file
 Value for LOG is LOG_ENABLED.


Setting the board number 48
Before the ReadFirmare version Call

 Reading LOG value from settings file
 Value for LOG is LOG_ENABLED.


 Reading flag information from the device..Please wait...

 Reading Port value from settings file
 Value for Port is 8.



 Reading Download value from settings file
 Value for Download is 38400.



 Reading FEBEBoardNumber value from settings file
 Value for FEBEBoardNumber is 48.


Setting the board number 48
Before the ReadFirmare version Call
Firmware image is not freezed yet. So, download is not possible now.
Firmware update failed  Invalid Command
[STEP EXIT CODE] 0
